Log file open, 11/30/18 07:31:20
LogWindows: Failed to load 'aqProf.dll' (GetLastError=126)
LogWindows: File 'aqProf.dll' does not exist
LogWindows: Failed to load 'VtuneApi.dll' (GetLastError=126)
LogWindows: File 'VtuneApi.dll' does not exist
LogWindows: Failed to load 'VtuneApi32e.dll' (GetLastError=126)
LogWindows: File 'VtuneApi32e.dll' does not exist
LogConsoleResponse: Display: Failed to find resolution value strings in scalability ini. Falling back to default.
LogInit: Display: Running engine for game: vr
LogPakFile: Registered encryption key '00000000000000000000000000000000': 0 pak files mounted, 0 remain pending
LogPlatformFile: Not using cached read wrapper
LogTaskGraph: Started task graph with 5 named threads and 23 total threads with 3 sets of task threads.
LogStats: Stats thread started at 0.295916
LogD3D11RHI: Loaded GFSDK_Aftermath_Lib.x64.dll
LogICUInternationalization: ICU TimeZone Detection - Raw Offset: -5:00, Platform Override: ''
LogPluginManager: Mounting plugin Paper2D
LogPluginManager: Mounting plugin AISupport
LogPluginManager: Mounting plugin LightPropagationVolume
LogPluginManager: Mounting plugin ActorLayerUtilities
LogPluginManager: Mounting plugin CLionSourceCodeAccess
LogPluginManager: Mounting plugin CodeLiteSourceCodeAccess
LogPluginManager: Mounting plugin GitSourceControl
LogPluginManager: Mounting plugin KDevelopSourceCodeAccess
LogPluginManager: Mounting plugin NullSourceCodeAccess
LogPluginManager: Mounting plugin PerforceSourceControl
LogPluginManager: Mounting plugin SubversionSourceControl
LogPluginManager: Mounting plugin UObjectPlugin
LogPluginManager: Mounting plugin VisualStudioCodeSourceCodeAccess
LogPluginManager: Mounting plugin VisualStudioSourceCodeAccess
LogPluginManager: Mounting plugin XCodeSourceCodeAccess
LogPluginManager: Mounting plugin AssetManagerEditor
LogPluginManager: Mounting plugin CryptoKeys
LogPluginManager: Mounting plugin DataValidation
LogPluginManager: Mounting plugin EditorScriptingUtilities
LogPluginManager: Mounting plugin FacialAnimation
LogPluginManager: Mounting plugin GameplayTagsEditor
LogPluginManager: Mounting plugin MacGraphicsSwitching
LogPluginManager: Mounting plugin MeshEditor
LogPluginManager: Mounting plugin MobileLauncherProfileWizard
LogPluginManager: Mounting plugin PluginBrowser
LogPluginManager: Mounting plugin SpeedTreeImporter
LogPluginManager: Mounting plugin DatasmithContent
LogPluginManager: Mounting plugin VariantManagerContent
LogPluginManager: Mounting plugin AlembicImporter
LogPluginManager: Mounting plugin AppleImageUtils
LogPluginManager: Mounting plugin AppleVision
LogPluginManager: Mounting plugin BackChannel
LogPluginManager: Mounting plugin CharacterAI
LogPluginManager: Mounting plugin GeometryCache
LogPluginManager: Mounting plugin HTML5Networking
LogPluginManager: Mounting plugin ProxyLODPlugin
LogPluginManager: Mounting plugin MagicLeap
LogPluginManager: Mounting plugin MagicLeapMedia
LogPluginManager: Mounting plugin AndroidMedia
LogPluginManager: Mounting plugin AvfMedia
LogPluginManager: Mounting plugin ImgMedia
LogPluginManager: Mounting plugin LinearTimecode
LogPluginManager: Mounting plugin MediaCompositing
LogPluginManager: Mounting plugin MediaPlayerEditor
LogPluginManager: Mounting plugin WebMMedia
LogPluginManager: Mounting plugin WmfMedia
LogPluginManager: Mounting plugin TcpMessaging
LogPluginManager: Mounting plugin UdpMessaging
LogPluginManager: Mounting plugin ActorSequence
LogPluginManager: Mounting plugin LevelSequenceEditor
LogPluginManager: Mounting plugin MatineeToLevelSequence
LogPluginManager: Mounting plugin NetcodeUnitTest
LogPluginManager: Mounting plugin NUTUnrealEngine4
LogPluginManager: Mounting plugin OnlineSubsystemGooglePlay
LogPluginManager: Mounting plugin OnlineSubsystemIOS
LogPluginManager: Mounting plugin OnlineSubsystem
LogPluginManager: Mounting plugin OnlineSubsystemNull
LogPluginManager: Mounting plugin OnlineSubsystemUtils
LogPluginManager: Mounting plugin LauncherChunkInstaller
LogPluginManager: Mounting plugin AndroidDeviceProfileSelector
LogPluginManager: Mounting plugin AndroidMoviePlayer
LogPluginManager: Mounting plugin AndroidPermission
LogPluginManager: Mounting plugin AppleMoviePlayer
LogPluginManager: Mounting plugin ArchVisCharacter
LogPluginManager: Mounting plugin AudioCapture
LogPluginManager: Mounting plugin CableComponent
LogPluginManager: Mounting plugin CustomMeshComponent
LogPluginManager: Mounting plugin EditableMesh
LogPluginManager: Mounting plugin ExampleDeviceProfileSelector
LogPluginManager: Mounting plugin Firebase
LogPluginManager: Mounting plugin GoogleCloudMessaging
LogPluginManager: Mounting plugin IOSDeviceProfileSelector
LogPluginManager: Mounting plugin LinuxDeviceProfileSelector
LogPluginManager: Mounting plugin LocationServicesBPLibrary
LogPluginManager: Mounting plugin MobilePatchingUtils
LogPluginManager: Mounting plugin OculusVR
LogPluginManager: Mounting plugin PhysXVehicles
LogPluginManager: Mounting plugin ProceduralMeshComponent
LogPluginManager: Mounting plugin RuntimePhysXCooking
LogPluginManager: Mounting plugin SteamVR
LogPluginManager: Mounting plugin WebMMoviePlayer
LogPluginManager: Mounting plugin WindowsMoviePlayer
LogPluginManager: Mounting plugin DatasmithCADImporter
LogPluginManager: Mounting plugin DatasmithFBXImporter
LogPluginManager: Mounting plugin DatasmithImporter
LogPluginManager: Mounting plugin MDLImporter
LogPluginManager: Mounting plugin StaticMeshEditorExtension
LogPluginManager: Mounting plugin VariantManager
LogStreaming: Display: Took  0.262s to configure plugins.
LogInit: Using libcurl 7.55.1-DEV
LogInit:  - built for x86_64-pc-win32
LogInit:  - supports SSL with OpenSSL/1.0.2h
LogInit:  - supports HTTP deflate (compression) using libz 1.2.8
LogInit:  - other features:
LogInit:      CURL_VERSION_SSL
LogInit:      CURL_VERSION_LIBZ
LogInit:      CURL_VERSION_IPV6
LogInit:      CURL_VERSION_ASYNCHDNS
LogInit:      CURL_VERSION_LARGEFILE
LogInit:      CURL_VERSION_IDN
LogInit:  CurlRequestOptions (configurable via config and command line):
LogInit:  - bVerifyPeer = true  - Libcurl will verify peer certificate
LogInit:  - bUseHttpProxy = false  - Libcurl will NOT use HTTP proxy
LogInit:  - bDontReuseConnections = false  - Libcurl will reuse connections
LogInit:  - MaxHostConnections = 16  - Libcurl will limit the number of connections to a host
LogInit:  - LocalHostAddr = Default
LogInit:  - BufferSize = 65536
LogInit: WinSock: version 1.1 (2.2), MaxSocks=32767, MaxUdp=65467
LogHMD: Failed initializing OVRPlugin 1.28.0
LogInit: Build: ++UE4+Release-4.21-CL-4541578
LogInit: Engine Version: 4.21.0-4541578+++UE4+Release-4.21
LogInit: Compatible Engine Version: 4.21.0-4541578+++UE4+Release-4.21
LogInit: Net CL: 4541578
LogInit: OS: Windows 10 (), CPU: Intel(R) Core(TM) i7-6700HQ CPU @ 2.60GHz, GPU: Intel(R) HD Graphics 530
LogInit: Compiled (64-bit): Nov  6 2018 02:04:24
LogInit: Compiled with Visual C++: 19.13.26129.00
LogInit: Build Configuration: Development
LogInit: Branch Name: ++UE4+Release-4.21
LogInit: Command Line: 
LogInit: Base Directory: D:/ue4/UE_4.21/Engine/Binaries/Win64/
LogInit: Installed Engine Build: 1
LogDevObjectVersion: Number of dev versions registered: 22
LogDevObjectVersion:   Dev-Blueprints (B0D832E4-1F89-4F0D-ACCF-7EB736FD4AA2): 10
LogDevObjectVersion:   Dev-Build (E1C64328-A22C-4D53-A36C-8E866417BD8C): 0
LogDevObjectVersion:   Dev-Core (375EC13C-06E4-48FB-B500-84F0262A717E): 2
LogDevObjectVersion:   Dev-Editor (E4B068ED-F494-42E9-A231-DA0B2E46BB41): 26
LogDevObjectVersion:   Dev-Framework (CFFC743F-43B0-4480-9391-14DF171D2073): 34
LogDevObjectVersion:   Dev-Mobile (B02B49B5-BB20-44E9-A304-32B752E40360): 2
LogDevObjectVersion:   Dev-Networking (A4E4105C-59A1-49B5-A7C5-40C4547EDFEE): 0
LogDevObjectVersion:   Dev-Online (39C831C9-5AE6-47DC-9A44-9C173E1C8E7C): 0
LogDevObjectVersion:   Dev-Physics (78F01B33-EBEA-4F98-B9B4-84EACCB95AA2): 0
LogDevObjectVersion:   Dev-Platform (6631380F-2D4D-43E0-8009-CF276956A95A): 0
LogDevObjectVersion:   Dev-Rendering (12F88B9F-8875-4AFC-A67C-D90C383ABD29): 27
LogDevObjectVersion:   Dev-Sequencer (7B5AE74C-D270-4C10-A958-57980B212A5A): 9
LogDevObjectVersion:   Dev-VR (D7296918-1DD6-4BDD-9DE2-64A83CC13884): 2
LogDevObjectVersion:   Dev-LoadTimes (C2A15278-BFE7-4AFE-6C17-90FF531DF755): 1
LogDevObjectVersion:   Private-Geometry (6EACA3D4-40EC-4CC1-B786-8BED09428FC5): 3
LogDevObjectVersion:   Dev-AnimPhys (29E575DD-E0A3-4627-9D10-D276232CDCEA): 17
LogDevObjectVersion:   Dev-Anim (AF43A65D-7FD3-4947-9873-3E8ED9C1BB05): 2
LogDevObjectVersion:   Dev-ReflectionCapture (6B266CEC-1EC7-4B8F-A30B-E4D90942FC07): 1
LogDevObjectVersion:   Dev-Automation (0DF73D61-A23F-47EA-B727-89E90C41499A): 1
LogDevObjectVersion:   FortniteMain (601D1886-AC64-4F84-AA16-D3DE0DEAC7D6): 17
LogDevObjectVersion:   Dev-Enterprise (9DFFBCD6-494F-0158-E221-12823C92A888): 4
LogDevObjectVersion:   Dev-Niagara (F2AED0AC-9AFE-416F-8664-AA7FFA26D6FC): 1
LogStreaming: Display: Took  0.000s to delete old logs.
LogInit: Presizing for max 8388607 objects, including 0 objects not considered by GC, pre-allocating 0 bytes for permanent pool.
LogInit: Object subsystem initialized
LogConfig: Setting CVar [[con.DebugEarlyDefault:1]]
LogConfig: Setting CVar [[r.setres:1280x720]]
[2018.11.30-12.31.21:522][  0]LogConfig: Setting CVar [[r.VSync:0]]
[2018.11.30-12.31.21:522][  0]LogConfig: Setting CVar [[r.RHICmdBypass:0]]
[2018.11.30-12.31.21:522][  0]LogConfig: Applying CVar settings from Section [/Script/Engine.RendererSettings] File [D:/vr/Saved/Config/Windows/Engine.ini]
[2018.11.30-12.31.21:522][  0]LogConfig: Setting CVar [[r.GPUCrashDebugging:0]]
[2018.11.30-12.31.21:522][  0]LogConfig: Applying CVar settings from Section [/Script/Engine.RendererOverrideSettings] File [D:/vr/Saved/Config/Windows/Engine.ini]
[2018.11.30-12.31.21:522][  0]LogConfig: Applying CVar settings from Section [/Script/Engine.StreamingSettings] File [D:/vr/Saved/Config/Windows/Engine.ini]
[2018.11.30-12.31.21:522][  0]LogConfig: Setting CVar [[s.MinBulkDataSizeForAsyncLoading:131072]]
[2018.11.30-12.31.21:522][  0]LogConfig: Setting CVar [[s.AsyncLoadingThreadEnabled:0]]
[2018.11.30-12.31.21:522][  0]LogConfig: Setting CVar [[s.EventDrivenLoaderEnabled:1]]
[2018.11.30-12.31.21:522][  0]LogConfig: Setting CVar [[s.WarnIfTimeLimitExceeded:0]]
[2018.11.30-12.31.21:522][  0]LogConfig: Setting CVar [[s.TimeLimitExceededMultiplier:1.5]]
[2018.11.30-12.31.21:522][  0]LogConfig: Setting CVar [[s.TimeLimitExceededMinTime:0.005]]
[2018.11.30-12.31.21:522][  0]LogConfig: Setting CVar [[s.UseBackgroundLevelStreaming:1]]
[2018.11.30-12.31.21:522][  0]LogConfig: Setting CVar [[s.PriorityAsyncLoadingExtraTime:15.0]]
[2018.11.30-12.31.21:522][  0]LogConfig: Setting CVar [[s.LevelStreamingActorsUpdateTimeLimit:5.0]]
[2018.11.30-12.31.21:522][  0]LogConfig: Setting CVar [[s.PriorityLevelStreamingActorsUpdateExtraTime:5.0]]
[2018.11.30-12.31.21:523][  0]LogConfig: Setting CVar [[s.LevelStreamingComponentsRegistrationGranularity:10]]
[2018.11.30-12.31.21:523][  0]LogConfig: Setting CVar [[s.UnregisterComponentsTimeLimit:1.0]]
[2018.11.30-12.31.21:523][  0]LogConfig: Setting CVar [[s.LevelStreamingComponentsUnregistrationGranularity:5]]
[2018.11.30-12.31.21:523][  0]LogConfig: Applying CVar settings from Section [/Script/Engine.GarbageCollectionSettings] File [D:/vr/Saved/Config/Windows/Engine.ini]
[2018.11.30-12.31.21:523][  0]LogConfig: Setting CVar [[gc.MaxObjectsNotConsideredByGC:1]]
[2018.11.30-12.31.21:523][  0]LogConfig: Setting CVar [[gc.SizeOfPermanentObjectPool:0]]
[2018.11.30-12.31.21:523][  0]LogConfig: Setting CVar [[gc.FlushStreamingOnGC:0]]
[2018.11.30-12.31.21:523][  0]LogConfig: Setting CVar [[gc.NumRetriesBeforeForcingGC:10]]
[2018.11.30-12.31.21:523][  0]LogConfig: Setting CVar [[gc.AllowParallelGC:1]]
[2018.11.30-12.31.21:523][  0]LogConfig: Setting CVar [[gc.TimeBetweenPurgingPendingKillObjects:61.1]]
[2018.11.30-12.31.21:523][  0]LogConfig: Setting CVar [[gc.MaxObjectsInEditor:8388607]]
[2018.11.30-12.31.21:523][  0]LogConfig: Setting CVar [[gc.IncrementalBeginDestroyEnabled:1]]
[2018.11.30-12.31.21:523][  0]LogConfig: Setting CVar [[gc.CreateGCClusters:1]]
[2018.11.30-12.31.21:523][  0]LogConfig: Setting CVar [[gc.MergeGCClusters:0]]
[2018.11.30-12.31.21:523][  0]LogConfig: Setting CVar [[gc.MinGCClusterSize:5]]
[2018.11.30-12.31.21:523][  0]LogConfig: Setting CVar [[gc.ActorClusteringEnabled:0]]
[2018.11.30-12.31.21:523][  0]LogConfig: Setting CVar [[gc.BlueprintClusteringEnabled:0]]
[2018.11.30-12.31.21:523][  0]LogConfig: Setting CVar [[gc.UseDisregardForGCOnDedicatedServers:0]]
[2018.11.30-12.31.21:523][  0]LogConfig: Applying CVar settings from Section [/Script/Engine.NetworkSettings] File [D:/vr/Saved/Config/Windows/Engine.ini]
[2018.11.30-12.31.21:523][  0]LogConfig: Applying CVar settings from Section [/Script/UnrealEd.CookerSettings] File [D:/vr/Saved/Config/Windows/Engine.ini]
[2018.11.30-12.31.21:526][  0]LogConfig: Applying CVar settings from Section [ViewDistanceQuality@3] File [D:/vr/Saved/Config/Windows/Scalability.ini]
[2018.11.30-12.31.21:526][  0]LogConfig: Setting CVar [[r.SkeletalMeshLODBias:0]]
[2018.11.30-12.31.21:526][  0]LogConfig: Setting CVar [[r.ViewDistanceScale:1.0]]
[2018.11.30-12.31.21:526][  0]LogConfig: Applying CVar settings from Section [AntiAliasingQuality@3] File [D:/vr/Saved/Config/Windows/Scalability.ini]
[2018.11.30-12.31.21:526][  0]LogConfig: Setting CVar [[r.PostProcessAAQuality:4]]
[2018.11.30-12.31.21:526][  0]LogConfig: Applying CVar settings from Section [ShadowQuality@3] File [D:/vr/Saved/Config/Windows/Scalability.ini]
[2018.11.30-12.31.21:526][  0]LogConfig: Setting CVar [[r.LightFunctionQuality:1]]
[2018.11.30-12.31.21:526][  0]LogConfig: Setting CVar [[r.ShadowQuality:5]]
[2018.11.30-12.31.21:526][  0]LogConfig: Setting CVar [[r.Shadow.CSM.MaxCascades:10]]
[2018.11.30-12.31.21:526][  0]LogConfig: Setting CVar [[r.Shadow.MaxResolution:2048]]
[2018.11.30-12.31.21:526][  0]LogConfig: Setting CVar [[r.Shadow.MaxCSMResolution:2048]]
[2018.11.30-12.31.21:526][  0]LogConfig: Setting CVar [[r.Shadow.RadiusThreshold:0.01]]
[2018.11.30-12.31.21:526][  0]LogConfig: Setting CVar [[r.Shadow.DistanceScale:1.0]]
[2018.11.30-12.31.21:526][  0]LogConfig: Setting CVar [[r.Shadow.CSM.TransitionScale:1.0]]
[2018.11.30-12.31.21:526][  0]LogConfig: Setting CVar [[r.Shadow.PreShadowResolutionFactor:1.0]]
[2018.11.30-12.31.21:526][  0]LogConfig: Setting CVar [[r.DistanceFieldShadowing:1]]
[2018.11.30-12.31.21:526][  0]LogConfig: Setting CVar [[r.DistanceFieldAO:1]]
[2018.11.30-12.31.21:526][  0]LogConfig: Setting CVar [[r.AOQuality:2]]
[2018.11.30-12.31.21:526][  0]LogConfig: Setting CVar [[r.VolumetricFog:1]]
[2018.11.30-12.31.21:526][  0]LogConfig: Setting CVar [[r.VolumetricFog.GridPixelSize:8]]
[2018.11.30-12.31.21:526][  0]LogConfig: Setting CVar [[r.VolumetricFog.GridSizeZ:128]]
[2018.11.30-12.31.21:526][  0]LogConfig: Setting CVar [[r.VolumetricFog.HistoryMissSupersampleCount:4]]
[2018.11.30-12.31.21:526][  0]LogConfig: Setting CVar [[r.LightMaxDrawDistanceScale:1]]
[2018.11.30-12.31.21:526][  0]LogConfig: Setting CVar [[r.CapsuleShadows:1]]
[2018.11.30-12.31.21:526][  0]LogConfig: Applying CVar settings from Section [PostProcessQuality@3] File [D:/vr/Saved/Config/Windows/Scalability.ini]
[2018.11.30-12.31.21:526][  0]LogConfig: Setting CVar [[r.MotionBlurQuality:4]]
[2018.11.30-12.31.21:526][  0]LogConfig: Setting CVar [[r.AmbientOcclusionMipLevelFactor:0.4]]
[2018.11.30-12.31.21:526][  0]LogConfig: Setting CVar [[r.AmbientOcclusionMaxQuality:100]]
[2018.11.30-12.31.21:526][  0]LogConfig: Setting CVar [[r.AmbientOcclusionLevels:-1]]
[2018.11.30-12.31.21:526][  0]LogConfig: Setting CVar [[r.AmbientOcclusionRadiusScale:1.0]]
[2018.11.30-12.31.21:526][  0]LogConfig: Setting CVar [[r.DepthOfFieldQuality:2]]
[2018.11.30-12.31.21:526][  0]LogConfig: Setting CVar [[r.RenderTargetPoolMin:400]]
[2018.11.30-12.31.21:526][  0]LogConfig: Setting CVar [[r.LensFlareQuality:2]]
[2018.11.30-12.31.21:526][  0]LogConfig: Setting CVar [[r.SceneColorFringeQuality:1]]
[2018.11.30-12.31.21:526][  0]LogConfig: Setting CVar [[r.EyeAdaptationQuality:2]]
[2018.11.30-12.31.21:526][  0]LogConfig: Setting CVar [[r.BloomQuality:5]]
[2018.11.30-12.31.21:526][  0]LogConfig: Setting CVar [[r.FastBlurThreshold:100]]
[2018.11.30-12.31.21:526][  0]LogConfig: Setting CVar [[r.Upscale.Quality:3]]
[2018.11.30-12.31.21:526][  0]LogConfig: Setting CVar [[r.Tonemapper.GrainQuantization:1]]
[2018.11.30-12.31.21:526][  0]LogConfig: Setting CVar [[r.LightShaftQuality:1]]
[2018.11.30-12.31.21:526][  0]LogConfig: Setting CVar [[r.Filter.SizeScale:1]]
[2018.11.30-12.31.21:526][  0]LogConfig: Setting CVar [[r.Tonemapper.Quality:5]]
[2018.11.30-12.31.21:526][  0]LogConfig: Setting CVar [[r.DOF.Gather.AccumulatorQuality:1        ; higher gathering accumulator quality]]
[2018.11.30-12.31.21:526][  0]LogConfig: Setting CVar [[r.DOF.Gather.PostfilterMethod:1          ; Median3x3 postfilering method]]
[2018.11.30-12.31.21:526][  0]LogConfig: Setting CVar [[r.DOF.Gather.EnableBokehSettings:0       ; no bokeh simulation when gathering]]
[2018.11.30-12.31.21:526][  0]LogConfig: Setting CVar [[r.DOF.Gather.RingCount:4                 ; medium number of samples when gathering]]
[2018.11.30-12.31.21:526][  0]LogConfig: Setting CVar [[r.DOF.Scatter.ForegroundCompositing:1    ; additive foreground scattering]]
[2018.11.30-12.31.21:526][  0]LogConfig: Setting CVar [[r.DOF.Scatter.BackgroundCompositing:2    ; additive background scattering]]
[2018.11.30-12.31.21:526][  0]LogConfig: Setting CVar [[r.DOF.Scatter.EnableBokehSettings:1      ; bokeh simulation when scattering]]
[2018.11.30-12.31.21:526][  0]LogConfig: Setting CVar [[r.DOF.Scatter.MaxSpriteRatio:0.1         ; only a maximum of 10% of scattered bokeh]]
[2018.11.30-12.31.21:526][  0]LogConfig: Setting CVar [[r.DOF.Recombine.Quality:1                ; cheap slight out of focus]]
[2018.11.30-12.31.21:526][  0]LogConfig: Setting CVar [[r.DOF.Recombine.EnableBokehSettings:0    ; no bokeh simulation on slight out of focus]]
[2018.11.30-12.31.21:526][  0]LogConfig: Setting CVar [[r.DOF.TemporalAAQuality:1                ; more stable temporal accumulation]]
[2018.11.30-12.31.21:526][  0]LogConfig: Setting CVar [[r.DOF.Kernel.MaxForegroundRadius:0.025]]
[2018.11.30-12.31.21:526][  0]LogConfig: Setting CVar [[r.DOF.Kernel.MaxBackgroundRadius:0.025]]
[2018.11.30-12.31.21:526][  0]LogConfig: Applying CVar settings from Section [TextureQuality@3] File [D:/vr/Saved/Config/Windows/Scalability.ini]
[2018.11.30-12.31.21:526][  0]LogConfig: Setting CVar [[r.Streaming.MipBias:0]]
[2018.11.30-12.31.21:526][  0]LogConfig: Setting CVar [[r.Streaming.AmortizeCPUToGPUCopy:0]]
[2018.11.30-12.31.21:526][  0]LogConfig: Setting CVar [[r.Streaming.MaxNumTexturesToStreamPerFrame:0]]
[2018.11.30-12.31.21:526][  0]LogConfig: Setting CVar [[r.Streaming.Boost:1]]
[2018.11.30-12.31.21:526][  0]LogConfig: Setting CVar [[r.MaxAnisotropy:8]]
[2018.11.30-12.31.21:526][  0]LogConfig: Setting CVar [[r.Streaming.LimitPoolSizeToVRAM:0]]
[2018.11.30-12.31.21:526][  0]LogConfig: Setting CVar [[r.Streaming.PoolSize:1000]]
[2018.11.30-12.31.21:526][  0]LogConfig: Setting CVar [[r.Streaming.MaxEffectiveScreenSize:0]]
[2018.11.30-12.31.21:526][  0]LogConfig: Applying CVar settings from Section [EffectsQuality@3] File [D:/vr/Saved/Config/Windows/Scalability.ini]
[2018.11.30-12.31.21:526][  0]LogConfig: Setting CVar [[r.TranslucencyLightingVolumeDim:64]]
[2018.11.30-12.31.21:526][  0]LogConfig: Setting CVar [[r.RefractionQuality:2]]
[2018.11.30-12.31.21:526][  0]LogConfig: Setting CVar [[r.SSR.Quality:3]]
[2018.11.30-12.31.21:526][  0]LogConfig: Setting CVar [[r.SceneColorFormat:4]]
[2018.11.30-12.31.21:526][  0]LogConfig: Setting CVar [[r.DetailMode:2]]
[2018.11.30-12.31.21:526][  0]LogConfig: Setting CVar [[r.TranslucencyVolumeBlur:1]]
[2018.11.30-12.31.21:526][  0]LogConfig: Setting CVar [[r.MaterialQualityLevel:1 ; High quality]]
[2018.11.30-12.31.21:526][  0]LogConfig: Setting CVar [[r.SSS.Scale:1]]
[2018.11.30-12.31.21:526][  0]LogConfig: Setting CVar [[r.SSS.SampleSet:2]]
[2018.11.30-12.31.21:526][  0]LogConfig: Setting CVar [[r.SSS.Quality:1]]
[2018.11.30-12.31.21:526][  0]LogConfig: Setting CVar [[r.SSS.HalfRes:1]]
[2018.11.30-12.31.21:526][  0]LogConfig: Setting CVar [[r.EmitterSpawnRateScale:1.0]]
[2018.11.30-12.31.21:526][  0]LogConfig: Setting CVar [[r.ParticleLightQuality:2]]
[2018.11.30-12.31.21:526][  0]LogConfig: Applying CVar settings from Section [FoliageQuality@3] File [D:/vr/Saved/Config/Windows/Scalability.ini]
[2018.11.30-12.31.21:526][  0]LogConfig: Setting CVar [[foliage.DensityScale:1.0]]
[2018.11.30-12.31.21:526][  0]LogConfig: Setting CVar [[grass.DensityScale:1.0]]
[2018.11.30-12.31.21:526][  0]LogInit: Selected Device Profile: [Windows]
[2018.11.30-12.31.21:526][  0]LogInit: Applying CVar settings loaded from the selected device profile: [Windows]
[2018.11.30-12.31.21:560][  0]LogHAL: Display: Platform has ~ 12 GB [12755001344 / 17179869184 / 12], which maps to Larger [LargestMinGB=32, LargerMinGB=12, DefaultMinGB=8, SmallerMinGB=6, SmallestMinGB=0)
[2018.11.30-12.31.21:561][  0]LogConfig: Setting CVar [[r.Vulkan.UseRealUBs:1]]
[2018.11.30-12.31.21:561][  0]LogInit: Going up to parent DeviceProfile []
[2018.11.30-12.31.21:561][  0]LogConfig: Applying CVar settings from Section [ViewDistanceQuality@3] File [D:/vr/Saved/Config/Windows/Scalability.ini]
[2018.11.30-12.31.21:561][  0]LogConfig: Setting CVar [[r.SkeletalMeshLODBias:0]]
[2018.11.30-12.31.21:561][  0]LogConfig: Setting CVar [[r.ViewDistanceScale:1.0]]
[2018.11.30-12.31.21:561][  0]LogConfig: Applying CVar settings from Section [AntiAliasingQuality@3] File [D:/vr/Saved/Config/Windows/Scalability.ini]
[2018.11.30-12.31.21:561][  0]LogConfig: Setting CVar [[r.PostProcessAAQuality:4]]
[2018.11.30-12.31.21:561][  0]LogConfig: Applying CVar settings from Section [ShadowQuality@3] File [D:/vr/Saved/Config/Windows/Scalability.ini]
[2018.11.30-12.31.21:561][  0]LogConfig: Setting CVar [[r.LightFunctionQuality:1]]
[2018.11.30-12.31.21:561][  0]LogConfig: Setting CVar [[r.ShadowQuality:5]]
[2018.11.30-12.31.21:561][  0]LogConfig: Setting CVar [[r.Shadow.CSM.MaxCascades:10]]
[2018.11.30-12.31.21:561][  0]LogConfig: Setting CVar [[r.Shadow.MaxResolution:2048]]
[2018.11.30-12.31.21:561][  0]LogConfig: Setting CVar [[r.Shadow.MaxCSMResolution:2048]]
[2018.11.30-12.31.21:561][  0]LogConfig: Setting CVar [[r.Shadow.RadiusThreshold:0.01]]
[2018.11.30-12.31.21:561][  0]LogConfig: Setting CVar [[r.Shadow.DistanceScale:1.0]]
[2018.11.30-12.31.21:561][  0]LogConfig: Setting CVar [[r.Shadow.CSM.TransitionScale:1.0]]
[2018.11.30-12.31.21:561][  0]LogConfig: Setting CVar [[r.Shadow.PreShadowResolutionFactor:1.0]]
[2018.11.30-12.31.21:561][  0]LogConfig: Setting CVar [[r.DistanceFieldShadowing:1]]
[2018.11.30-12.31.21:561][  0]LogConfig: Setting CVar [[r.DistanceFieldAO:1]]
[2018.11.30-12.31.21:561][  0]LogConfig: Setting CVar [[r.AOQuality:2]]
[2018.11.30-12.31.21:561][  0]LogConfig: Setting CVar [[r.VolumetricFog:1]]
[2018.11.30-12.31.21:561][  0]LogConfig: Setting CVar [[r.VolumetricFog.GridPixelSize:8]]
[2018.11.30-12.31.21:561][  0]LogConfig: Setting CVar [[r.VolumetricFog.GridSizeZ:128]]
[2018.11.30-12.31.21:561][  0]LogConfig: Setting CVar [[r.VolumetricFog.HistoryMissSupersampleCount:4]]
[2018.11.30-12.31.21:561][  0]LogConfig: Setting CVar [[r.LightMaxDrawDistanceScale:1]]
[2018.11.30-12.31.21:561][  0]LogConfig: Setting CVar [[r.CapsuleShadows:1]]
[2018.11.30-12.31.21:561][  0]LogConfig: Applying CVar settings from Section [PostProcessQuality@3] File [D:/vr/Saved/Config/Windows/Scalability.ini]
[2018.11.30-12.31.21:561][  0]LogConfig: Setting CVar [[r.MotionBlurQuality:4]]
[2018.11.30-12.31.21:561][  0]LogConfig: Setting CVar [[r.AmbientOcclusionMipLevelFactor:0.4]]
[2018.11.30-12.31.21:561][  0]LogConfig: Setting CVar [[r.AmbientOcclusionMaxQuality:100]]
[2018.11.30-12.31.21:561][  0]LogConfig: Setting CVar [[r.AmbientOcclusionLevels:-1]]
[2018.11.30-12.31.21:561][  0]LogConfig: Setting CVar [[r.AmbientOcclusionRadiusScale:1.0]]
[2018.11.30-12.31.21:561][  0]LogConfig: Setting CVar [[r.DepthOfFieldQuality:2]]
[2018.11.30-12.31.21:561][  0]LogConfig: Setting CVar [[r.RenderTargetPoolMin:400]]
[2018.11.30-12.31.21:561][  0]LogConfig: Setting CVar [[r.LensFlareQuality:2]]
[2018.11.30-12.31.21:561][  0]LogConfig: Setting CVar [[r.SceneColorFringeQuality:1]]
[2018.11.30-12.31.21:561][  0]LogConfig: Setting CVar [[r.EyeAdaptationQuality:2]]
[2018.11.30-12.31.21:561][  0]LogConfig: Setting CVar [[r.BloomQuality:5]]
[2018.11.30-12.31.21:561][  0]LogConfig: Setting CVar [[r.FastBlurThreshold:100]]
[2018.11.30-12.31.21:561][  0]LogConfig: Setting CVar [[r.Upscale.Quality:3]]
[2018.11.30-12.31.21:561][  0]LogConfig: Setting CVar [[r.Tonemapper.GrainQuantization:1]]
[2018.11.30-12.31.21:561][  0]LogConfig: Setting CVar [[r.LightShaftQuality:1]]
[2018.11.30-12.31.21:561][  0]LogConfig: Setting CVar [[r.Filter.SizeScale:1]]
[2018.11.30-12.31.21:561][  0]LogConfig: Setting CVar [[r.Tonemapper.Quality:5]]
[2018.11.30-12.31.21:561][  0]LogConfig: Setting CVar [[r.DOF.Gather.AccumulatorQuality:1        ; higher gathering accumulator quality]]
[2018.11.30-12.31.21:561][  0]LogConfig: Setting CVar [[r.DOF.Gather.PostfilterMethod:1          ; Median3x3 postfilering method]]
[2018.11.30-12.31.21:561][  0]LogConfig: Setting CVar [[r.DOF.Gather.EnableBokehSettings:0       ; no bokeh simulation when gathering]]
[2018.11.30-12.31.21:561][  0]LogConfig: Setting CVar [[r.DOF.Gather.RingCount:4                 ; medium number of samples when gathering]]
[2018.11.30-12.31.21:561][  0]LogConfig: Setting CVar [[r.DOF.Scatter.ForegroundCompositing:1    ; additive foreground scattering]]
[2018.11.30-12.31.21:561][  0]LogConfig: Setting CVar [[r.DOF.Scatter.BackgroundCompositing:2    ; additive background scattering]]
[2018.11.30-12.31.21:561][  0]LogConfig: Setting CVar [[r.DOF.Scatter.EnableBokehSettings:1      ; bokeh simulation when scattering]]
[2018.11.30-12.31.21:561][  0]LogConfig: Setting CVar [[r.DOF.Scatter.MaxSpriteRatio:0.1         ; only a maximum of 10% of scattered bokeh]]
[2018.11.30-12.31.21:561][  0]LogConfig: Setting CVar [[r.DOF.Recombine.Quality:1                ; cheap slight out of focus]]
[2018.11.30-12.31.21:561][  0]LogConfig: Setting CVar [[r.DOF.Recombine.EnableBokehSettings:0    ; no bokeh simulation on slight out of focus]]
[2018.11.30-12.31.21:561][  0]LogConfig: Setting CVar [[r.DOF.TemporalAAQuality:1                ; more stable temporal accumulation]]
[2018.11.30-12.31.21:561][  0]LogConfig: Setting CVar [[r.DOF.Kernel.MaxForegroundRadius:0.025]]
[2018.11.30-12.31.21:561][  0]LogConfig: Setting CVar [[r.DOF.Kernel.MaxBackgroundRadius:0.025]]
[2018.11.30-12.31.21:562][  0]LogConfig: Applying CVar settings from Section [TextureQuality@3] File [D:/vr/Saved/Config/Windows/Scalability.ini]
[2018.11.30-12.31.21:562][  0]LogConfig: Setting CVar [[r.Streaming.MipBias:0]]
[2018.11.30-12.31.21:562][  0]LogConfig: Setting CVar [[r.Streaming.AmortizeCPUToGPUCopy:0]]
[2018.11.30-12.31.21:562][  0]LogConfig: Setting CVar [[r.Streaming.MaxNumTexturesToStreamPerFrame:0]]
[2018.11.30-12.31.21:562][  0]LogConfig: Setting CVar [[r.Streaming.Boost:1]]
[2018.11.30-12.31.21:562][  0]LogConfig: Setting CVar [[r.MaxAnisotropy:8]]
[2018.11.30-12.31.21:562][  0]LogConfig: Setting CVar [[r.Streaming.LimitPoolSizeToVRAM:0]]
[2018.11.30-12.31.21:562][  0]LogConfig: Setting CVar [[r.Streaming.PoolSize:1000]]
[2018.11.30-12.31.21:562][  0]LogConfig: Setting CVar [[r.Streaming.MaxEffectiveScreenSize:0]]
[2018.11.30-12.31.21:562][  0]LogConfig: Applying CVar settings from Section [EffectsQuality@3] File [D:/vr/Saved/Config/Windows/Scalability.ini]
[2018.11.30-12.31.21:562][  0]LogConfig: Setting CVar [[r.TranslucencyLightingVolumeDim:64]]
[2018.11.30-12.31.21:562][  0]LogConfig: Setting CVar [[r.RefractionQuality:2]]
[2018.11.30-12.31.21:562][  0]LogConfig: Setting CVar [[r.SSR.Quality:3]]
[2018.11.30-12.31.21:562][  0]LogConfig: Setting CVar [[r.SceneColorFormat:4]]
[2018.11.30-12.31.21:562][  0]LogConfig: Setting CVar [[r.DetailMode:2]]
[2018.11.30-12.31.21:562][  0]LogConfig: Setting CVar [[r.TranslucencyVolumeBlur:1]]
[2018.11.30-12.31.21:562][  0]LogConfig: Setting CVar [[r.MaterialQualityLevel:1 ; High quality]]
[2018.11.30-12.31.21:562][  0]LogConfig: Setting CVar [[r.SSS.Scale:1]]
[2018.11.30-12.31.21:562][  0]LogConfig: Setting CVar [[r.SSS.SampleSet:2]]
[2018.11.30-12.31.21:562][  0]LogConfig: Setting CVar [[r.SSS.Quality:1]]
[2018.11.30-12.31.21:562][  0]LogConfig: Setting CVar [[r.SSS.HalfRes:1]]
[2018.11.30-12.31.21:562][  0]LogConfig: Setting CVar [[r.EmitterSpawnRateScale:1.0]]
[2018.11.30-12.31.21:562][  0]LogConfig: Setting CVar [[r.ParticleLightQuality:2]]
[2018.11.30-12.31.21:562][  0]LogConfig: Applying CVar settings from Section [FoliageQuality@3] File [D:/vr/Saved/Config/Windows/Scalability.ini]
[2018.11.30-12.31.21:562][  0]LogConfig: Setting CVar [[foliage.DensityScale:1.0]]
[2018.11.30-12.31.21:562][  0]LogConfig: Setting CVar [[grass.DensityScale:1.0]]
[2018.11.30-12.31.21:562][  0]LogConfig: Applying CVar settings from Section [Startup] File [../../../Engine/Config/ConsoleVariables.ini]
[2018.11.30-12.31.21:562][  0]LogConfig: Setting CVar [[net.UseAdaptiveNetUpdateFrequency:0]]
[2018.11.30-12.31.21:562][  0]LogConfig: Applying CVar settings from Section [ConsoleVariables] File [D:/vr/Saved/Config/Windows/Engine.ini]
[2018.11.30-12.31.21:562][  0]LogInit: Computer: MSI
[2018.11.30-12.31.21:562][  0]LogInit: User: saxhack
[2018.11.30-12.31.21:562][  0]LogInit: CPU Page size=4096, Cores=4
[2018.11.30-12.31.21:562][  0]LogInit: High frequency timer resolution =2.531252 MHz
[2018.11.30-12.31.21:563][  0]LogMemory: Memory total: Physical=11.9GB (12GB approx)
[2018.11.30-12.31.21:563][  0]LogMemory: Platform Memory Stats for Windows
[2018.11.30-12.31.21:563][  0]LogMemory: Process Physical Memory: 104.88 MB used, 104.88 MB peak
[2018.11.30-12.31.21:563][  0]LogMemory: Process Virtual Memory: 95.11 MB used, 95.11 MB peak
[2018.11.30-12.31.21:563][  0]LogMemory: Physical Memory: 6352.70 MB used,  5811.41 MB free, 12164.12 MB total
[2018.11.30-12.31.21:563][  0]LogMemory: Virtual Memory: 4668.19 MB used,  134213056.00 MB free, 134217728.00 MB total
[2018.11.30-12.31.21:587][  0]LogInit: Using OS detected language (en-US).
[2018.11.30-12.31.21:587][  0]LogInit: Using OS detected locale (en-US).
[2018.11.30-12.31.21:588][  0]LogTextLocalizationManager: No specific localization for 'en-US' exists, so the 'en' localization will be used.
[2018.11.30-12.31.22:015][  0]LogStreaming: Display: Took  0.428s to InitEngineTextLocalization.
[2018.11.30-12.31.22:015][  0]LogInit: Setting process to per monitor DPI aware
[2018.11.30-12.31.22:060][  0]LogSlate: New Slate User Created.  User Index 0, Is Virtual User: 0
[2018.11.30-12.31.22:060][  0]LogSlate: Slate User Registered.  User Index 0, Is Virtual User: 0
[2018.11.30-12.31.22:438][  0]LogHMD: Failed to initialize OpenVR with code 100
[2018.11.30-12.31.22:438][  0]LogD3D11RHI: D3D11 adapters:
[2018.11.30-12.31.22:510][  0]LogD3D11RHI:    0. 'NVIDIA GeForce GTX 1060' (Feature Level 11_0)
[2018.11.30-12.31.22:510][  0]LogD3D11RHI:       6052/0/6082 MB DedicatedVideo/DedicatedSystem/SharedSystem, Outputs:1, VendorId:0x10de
[2018.11.30-12.31.22:522][  0]LogD3D11RHI:    1. 'Intel(R) HD Graphics 530' (Feature Level 11_0)
[2018.11.30-12.31.22:522][  0]LogD3D11RHI:       128/0/6082 MB DedicatedVideo/DedicatedSystem/SharedSystem, Outputs:0, VendorId:0x8086
[2018.11.30-12.31.22:525][  0]LogD3D11RHI:    2. 'Microsoft Basic Render Driver' (Feature Level 11_0)
[2018.11.30-12.31.22:525][  0]LogD3D11RHI:       0/0/6082 MB DedicatedVideo/DedicatedSystem/SharedSystem, Outputs:0, VendorId:0x1414
[2018.11.30-12.31.22:525][  0]LogD3D11RHI: Chosen D3D11 Adapter: 0
[2018.11.30-12.31.22:573][  0]LogD3D11RHI: Creating new Direct3DDevice
[2018.11.30-12.31.22:573][  0]LogD3D11RHI:     GPU DeviceId: 0x1c20 (for the marketing name, search the web for "GPU Device Id")
[2018.11.30-12.31.22:573][  0]LogWindows: EnumDisplayDevices:
[2018.11.30-12.31.22:573][  0]LogWindows:    0. 'Intel(R) HD Graphics 530' (P:1 D:1)
[2018.11.30-12.31.22:574][  0]LogWindows:    1. 'Intel(R) HD Graphics 530' (P:0 D:0)
[2018.11.30-12.31.22:574][  0]LogWindows:    2. 'Intel(R) HD Graphics 530' (P:0 D:0)
[2018.11.30-12.31.22:574][  0]LogWindows:    3. 'NVIDIA GeForce GTX 1060' (P:0 D:0)
[2018.11.30-12.31.22:575][  0]LogWindows:    4. 'NVIDIA GeForce GTX 1060' (P:0 D:0)
[2018.11.30-12.31.22:575][  0]LogWindows:    5. 'NVIDIA GeForce GTX 1060' (P:0 D:0)
[2018.11.30-12.31.22:575][  0]LogWindows:    6. 'NVIDIA GeForce GTX 1060' (P:0 D:0)
[2018.11.30-12.31.22:575][  0]LogWindows: DebugString: PrimaryIsNotTheChoosenAdapter PrimaryIsNotTheChoosenAdapter PrimaryIsNotTheChoosenAdapter FoundDriverCount:4 
[2018.11.30-12.31.22:575][  0]LogD3D11RHI:     Adapter Name: NVIDIA GeForce GTX 1060
[2018.11.30-12.31.22:575][  0]LogD3D11RHI:   Driver Version: 399.01 (internal:24.21.13.9901, unified:399.01)
[2018.11.30-12.31.22:575][  0]LogD3D11RHI:      Driver Date: 8-13-2018
[2018.11.30-12.31.22:575][  0]LogRHI: Texture pool is 4236 MB (70% of 6052 MB)
[2018.11.30-12.31.22:622][  0]LogD3D11RHI: Async texture creation enabled
[2018.11.30-12.31.22:665][  0]LogD3D11RHI: GPU Timing Frequency: 1000.000000 (Debug: 2 2)
[2018.11.30-12.31.23:004][  0]LogTemp: Display: Loaded TP AllDesktopTargetPlatform
[2018.11.30-12.31.23:018][  0]LogTemp: Display: Loaded TP MacClientTargetPlatform
[2018.11.30-12.31.23:031][  0]LogTemp: Display: Loaded TP MacNoEditorTargetPlatform
[2018.11.30-12.31.23:044][  0]LogTemp: Display: Loaded TP MacServerTargetPlatform
[2018.11.30-12.31.23:059][  0]LogTemp: Display: Loaded TP MacTargetPlatform
[2018.11.30-12.31.23:071][  0]LogTemp: Display: Loaded TP WindowsClientTargetPlatform
[2018.11.30-12.31.23:085][  0]LogTemp: Display: Loaded TP WindowsNoEditorTargetPlatform
[2018.11.30-12.31.23:097][  0]LogTemp: Display: Loaded TP WindowsServerTargetPlatform
[2018.11.30-12.31.23:102][  0]LogTemp: Display: Loaded TP WindowsTargetPlatform
[2018.11.30-12.31.23:173][  0]LogTemp: Display: Loaded TP AndroidTargetPlatform
[2018.11.30-12.31.23:173][  0]LogTemp: Display: Loaded TP AndroidTargetPlatform
[2018.11.30-12.31.23:173][  0]LogTemp: Display: Loaded TP AndroidTargetPlatform
[2018.11.30-12.31.23:173][  0]LogTemp: Display: Loaded TP AndroidTargetPlatform
[2018.11.30-12.31.23:173][  0]LogTemp: Display: Loaded TP AndroidTargetPlatform
[2018.11.30-12.31.23:173][  0]LogTemp: Display: Loaded TP AndroidTargetPlatform
[2018.11.30-12.31.23:173][  0]LogTemp: Display: Loaded TP AndroidTargetPlatform
[2018.11.30-12.31.23:173][  0]LogTemp: Display: Loaded TP AndroidTargetPlatform
[2018.11.30-12.31.23:173][  0]LogTemp: Display: Loaded TP AndroidTargetPlatform
[2018.11.30-12.31.23:173][  0]LogTemp: Display: Loaded TP AndroidTargetPlatform
[2018.11.30-12.31.23:173][  0]LogTemp: Display: Loaded TP AndroidTargetPlatform
[2018.11.30-12.31.23:174][  0]LogTemp: Display: Loaded TP AndroidTargetPlatform
[2018.11.30-12.31.23:174][  0]LogTemp: Display: Loaded TP AndroidTargetPlatform
[2018.11.30-12.31.23:174][  0]LogTemp: Display: Loaded TP AndroidTargetPlatform
[2018.11.30-12.31.23:174][  0]LogTemp: Display: Loaded TP AndroidTargetPlatform
[2018.11.30-12.31.23:174][  0]LogTemp: Display: Loaded TP AndroidTargetPlatform
[2018.11.30-12.31.23:174][  0]LogTemp: Display: Loaded TP AndroidTargetPlatform
[2018.11.30-12.31.23:174][  0]LogTemp: Display: Loaded TP AndroidTargetPlatform
[2018.11.30-12.31.23:175][  0]LogTemp: Display: Loaded TP HTML5TargetPlatform
[2018.11.30-12.31.23:239][  0]LogTemp: Display: Loaded TP IOSTargetPlatform
[2018.11.30-12.31.23:239][  0]LogTemp: Display: Loaded TP IOSTargetPlatform
[2018.11.30-12.31.23:264][  0]LogTemp: Display: Loaded TP TVOSTargetPlatform
[2018.11.30-12.31.23:264][  0]LogTemp: Display: Loaded TP TVOSTargetPlatform
[2018.11.30-12.31.23:276][  0]LogTemp: Display: Loaded TP LinuxClientTargetPlatform
[2018.11.30-12.31.23:290][  0]LogTemp: Display: Loaded TP LinuxNoEditorTargetPlatform
[2018.11.30-12.31.23:302][  0]LogTemp: Display: Loaded TP LinuxServerTargetPlatform
[2018.11.30-12.31.23:318][  0]LogTemp: Display: Loaded TP LinuxTargetPlatform
[2018.11.30-12.31.23:365][  0]LogTemp: Display: Loaded TP LuminTargetPlatform
[2018.11.30-12.31.23:365][  0]LogTemp: Display: Loaded TP LuminTargetPlatform
[2018.11.30-12.31.23:365][  0]LogTargetPlatformManager: Display: Building Assets For Windows
[2018.11.30-12.31.23:424][  0]LogShaderCompilers: Guid format shader working directory is 30 characters bigger than the processId version (../../../../../vr/Intermediate/Shaders/WorkingDirectory/14252/).
[2018.11.30-12.31.23:424][  0]LogShaderCompilers: Cleaned the shader compiler working directory 'C:/Users/saxhack/AppData/Local/Temp/UnrealShaderWorkingDir/6CF2CD6A41FDA36FBEC204A7A3DDCA7C/'.
[2018.11.30-12.31.23:425][  0]LogXGEController: Cleaning working directory: C:/Users/saxhack/AppData/Local/Temp/UnrealXGEWorkingDir/
[2018.11.30-12.31.23:425][  0]LogXGEController: Cannot use XGE Controller as Incredibuild is not installed on this machine.
[2018.11.30-12.31.23:425][  0]LogShaderCompilers: Cannot use XGE Shader Compiler as Incredibuild is not installed on this machine.
[2018.11.30-12.31.23:425][  0]LogShaderCompilers: Display: Using Local Shader Compiler.
[2018.11.30-12.31.24:030][  0]LogDerivedDataCache: Display: Max Cache Size: 512 MB
[2018.11.30-12.31.24:103][  0]LogDerivedDataCache: Loaded boot cache 0.07s 71MB C:/Users/saxhack/AppData/Local/UnrealEngine/4.21/DerivedDataCache/Boot.ddc.
[2018.11.30-12.31.24:103][  0]LogDerivedDataCache: Display: Loaded Boot cache: C:/Users/saxhack/AppData/Local/UnrealEngine/4.21/DerivedDataCache/Boot.ddc
[2018.11.30-12.31.24:103][  0]LogDerivedDataCache: FDerivedDataBackendGraph:  Pak pak cache file ../../../../../vr/DerivedDataCache/DDC.ddp not found, will not use a pak cache.
[2018.11.30-12.31.24:103][  0]LogDerivedDataCache: Unable to find inner node Pak for hierarchical cache Hierarchy.
[2018.11.30-12.31.24:103][  0]LogDerivedDataCache: FDerivedDataBackendGraph:  CompressedPak pak cache file ../../../../../vr/DerivedDataCache/Compressed.ddp not found, will not use a pak cache.
[2018.11.30-12.31.24:103][  0]LogDerivedDataCache: Unable to find inner node CompressedPak for hierarchical cache Hierarchy.
[2018.11.30-12.31.24:118][  0]LogDerivedDataCache: Display: Pak cache opened for reading ../../../Engine/DerivedDataCache/Compressed.ddp.
[2018.11.30-12.31.24:121][  0]LogDerivedDataCache: Display: Pak cache opened for reading ../../../Enterprise/DerivedDataCache/Compressed.ddp.
[2018.11.30-12.31.24:134][  0]LogDerivedDataCache: Using Local data cache path C:/Users/saxhack/AppData/Local/UnrealEngine/Common/DerivedDataCache: Writable
[2018.11.30-12.31.24:134][  0]LogDerivedDataCache: Shared data cache path not found in *engine.ini, will not use an Shared cache.
[2018.11.30-12.31.24:134][  0]LogDerivedDataCache: Unable to find inner node Shared for hierarchical cache Hierarchy.
[2018.11.30-12.31.24:162][  0]LogMaterial: Verifying Global Shaders for PCD3D_SM5
[2018.11.30-12.31.24:164][  0]LogSlate: Using FreeType 2.6.0
[2018.11.30-12.31.24:165][  0]LogSlate: SlateFontServices - WITH_FREETYPE: 1, WITH_HARFBUZZ: 1
[2018.11.30-12.31.24:271][  0]LogAssetRegistry: FAssetRegistry took 0.0344 seconds to start up
[2018.11.30-12.31.24:637][  0]LogInit: Selected Device Profile: [Windows]
[2018.11.30-12.31.24:717][  0]LogSimplygon: Simplygon DLL not present - disabling.
[2018.11.30-12.31.24:720][  0]LogMeshReduction: Using SimplygonSwarm for distributed automatic mesh merging
[2018.11.30-12.31.24:720][  0]LogMeshReduction: Using ProxyLODMeshReduction for automatic mesh merging
[2018.11.30-12.31.24:720][  0]LogMeshReduction: Using QuadricMeshReduction for automatic static mesh reduction
[2018.11.30-12.31.24:720][  0]LogMeshReduction: No automatic skeletal mesh reduction module available
[2018.11.30-12.31.24:828][  0]LogNetVersion: vr 1.0.0, NetCL: 4541578, EngineNetVer: 5, GameNetVer: 0 (Checksum: 2004621220)
[2018.11.30-12.31.25:469][  0]LogPackageLocalizationCache: Processed 14 localized package path(s) for 2 prioritized culture(s) in 0.159435 seconds
[2018.11.30-12.31.25:477][  0]LogUObjectArray: 39775 objects as part of root set at end of initial load.
[2018.11.30-12.31.25:477][  0]LogUObjectAllocator: 6914664 out of 0 bytes used by permanent object pool.
[2018.11.30-12.31.25:477][  0]LogUObjectArray: CloseDisregardForGC: 0/0 objects in disregard for GC pool
[2018.11.30-12.31.26:524][  0]LogTcpMessaging: Initializing TcpMessaging bridge
[2018.11.30-12.31.26:538][  0]LogUdpMessaging: Initializing bridge on interface 0.0.0.0:0 to multicast group 230.0.0.1:6666.
[2018.11.30-12.31.27:441][  0]SourceControl: Source control is disabled
[2018.11.30-12.31.27:442][  0]SourceControl: Source control is disabled
[2018.11.30-12.31.27:443][  0]SourceControl: Source control is disabled
[2018.11.30-12.31.27:444][  0]SourceControl: Source control is disabled
[2018.11.30-12.31.27:615][  0]LogAndroidPermission: UAndroidPermissionCallbackProxy::GetInstance
[2018.11.30-12.31.27:706][  0]LogOcInput: OculusInput pre-init called
[2018.11.30-12.31.29:610][  0]LogEngine: Initializing Engine...
[2018.11.30-12.31.29:611][  0]LogHMD: Failed to initialize OpenVR with code 100
[2018.11.30-12.31.29:612][  0]LogStats: UGameplayTagsManager::ConstructGameplayTagTree: ImportINI prefixes -  0.000 s
[2018.11.30-12.31.29:612][  0]LogStats: UGameplayTagsManager::ConstructGameplayTagTree: Construct from data asset -  0.000 s
[2018.11.30-12.31.29:612][  0]LogStats: UGameplayTagsManager::ConstructGameplayTagTree: ImportINI -  0.000 s
[2018.11.30-12.31.29:612][  0]LogStats: UGameplayTagsManager::ConstructGameplayTagTree: GameplayTagTreeChangedEvent.Broadcast -  0.000 s
[2018.11.30-12.31.29:884][  0]LogInit: Initializing FReadOnlyCVARCache
[2018.11.30-12.31.29:897][  0]LogAIModule: Creating AISystem for world Untitled
[2018.11.30-12.31.29:921][  0]LogInit: XAudio2 using 'Speakers (Realtek High Definition Audio)' : 2 channels at 48 kHz using 32 bits per sample (channel mask 0x3)
[2018.11.30-12.31.30:156][  0]LogInit: FAudioDevice initialized.
[2018.11.30-12.31.30:156][  0]LogNetVersion: Set ProjectVersion to 1.0.0.0. Version Checksum will be recalculated on next use.
[2018.11.30-12.31.30:248][  0]LogDerivedDataCache: Saved boot cache 0.09s 71MB C:/Users/saxhack/AppData/Local/UnrealEngine/4.21/DerivedDataCache/Boot.ddc.
[2018.11.30-12.31.30:271][  0]LogInit: Texture streaming: Enabled
[2018.11.30-12.31.30:286][  0]LogEngineSessionManager: EngineSessionManager initialized
[2018.11.30-12.31.30:286][  0]LogEngineSessionManager: EngineSessionManager sent abnormal shutdown report. Type=Crashed, SessionId={451DCFEE-41D4-C8B5-CB10-F1B918FAADB4}
[2018.11.30-12.31.30:313][  0]LogInit: Transaction tracking system initialized
[2018.11.30-12.31.30:332][  0]BlueprintLog: New page: Editor Load
[2018.11.30-12.31.30:437][  0]LocalizationService: Localization service is disabled
[2018.11.30-12.31.31:240][  0]LogFileCache: Scanning file cache for directory 'D:/vr/Content/' took 0.01s
[2018.11.30-12.31.31:240][  0]LogCook: Display: Max memory allowance for cook 16384mb min free memory 0mb
[2018.11.30-12.31.31:241][  0]LogCook: Display: Mobile HDR setting 1
[2018.11.30-12.31.31:241][  0]LogGameplayTags: Display: UGameplayTagsManager::DoneAddingNativeTags. DelegateIsBound: 0
[2018.11.30-12.31.31:241][  0]LogStats: UGameplayTagsManager::ConstructGameplayTagTree: ImportINI prefixes -  0.000 s
[2018.11.30-12.31.31:241][  0]LogStats: UGameplayTagsManager::ConstructGameplayTagTree: Construct from data asset -  0.000 s
[2018.11.30-12.31.31:241][  0]LogStats: UGameplayTagsManager::ConstructGameplayTagTree: ImportINI -  0.000 s
[2018.11.30-12.31.31:241][  0]LogStats: UGameplayTagsManager::ConstructGameplayTagTree: GameplayTagTreeChangedEvent.Broadcast -  0.000 s
[2018.11.30-12.31.33:012][  0]SourceControl: Source control is disabled
[2018.11.30-12.31.33:012][  0]Cmd: MAP LOAD FILE="../../../../../vr/Content/ThirdPersonBP/Maps/ThirdPersonExampleMap.umap" TEMPLATE=0 SHOWPROGRESS=1 FEATURELEVEL=3
[2018.11.30-12.31.33:061][  0]LightingResults: New page: Lighting Build
[2018.11.30-12.31.33:063][  0]MapCheck: New page: Map Check
[2018.11.30-12.31.33:063][  0]LightingResults: New page: Lighting Build
[2018.11.30-12.31.35:069][  0]LogAIModule: Creating AISystem for world ThirdPersonExampleMap
[2018.11.30-12.31.35:161][  0]LogEditorServer: Finished looking for orphan Actors (0.000 secs)
[2018.11.30-12.31.35:198][  0]Cmd: MAP CHECKDEP NOCLEARLOG
[2018.11.30-12.31.35:198][  0]MapCheck: Map check complete: 0 Error(s), 0 Warning(s), took 0.096ms to complete.
[2018.11.30-12.31.35:198][  0]LogFileHelpers: Loading map 'ThirdPersonExampleMap' took 2.186
[2018.11.30-12.31.35:305][  0]LogSlate: Updating window title bar state: overlay mode, drag disabled, window buttons hidden, title bar hidden
[2018.11.30-12.31.35:312][  0]LogSlate: Updating window title bar state: overlay mode, drag disabled, window buttons hidden, title bar hidden
[2018.11.30-12.31.35:321][  0]LogSlate: Updating window title bar state: overlay mode, drag disabled, window buttons hidden, title bar hidden
[2018.11.30-12.31.35:329][  0]LogSlate: Updating window title bar state: overlay mode, drag disabled, window buttons hidden, title bar hidden
[2018.11.30-12.31.35:334][  0]LogCollectionManager: Loaded 0 collections in 0.001053 seconds
[2018.11.30-12.31.35:374][  0]LogFileCache: Scanning file cache for directory 'D:/vr/Saved/Collections/' took 0.01s
[2018.11.30-12.31.35:375][  0]LogFileCache: Scanning file cache for directory 'D:/vr/Content/Developers/saxhack/Collections/' took 0.01s
[2018.11.30-12.31.35:375][  0]LogFileCache: Scanning file cache for directory 'D:/vr/Content/Collections/' took 0.01s
[2018.11.30-12.31.35:375][  0]LogCollectionManager: Rebuilt the GUID cache for 0 collections in 0.000000 seconds
[2018.11.30-12.31.35:385][  0]LogContentBrowser: Native class hierarchy populated in 0.0099 seconds. Added 2709 classes and 653 folders.
[2018.11.30-12.31.35:392][  0]LogContentBrowser: Native class hierarchy updated for 'WidgetCarousel' in 0.0003 seconds. Added 0 classes and 0 folders.
[2018.11.30-12.31.35:394][  0]LogPakFile: Registered encryption key '00000000000000000000000000000000': 0 pak files mounted, 0 remain pending
[2018.11.30-12.31.35:395][  0]LogPakFile: Registered encryption key '00000000000000000000000000000000': 0 pak files mounted, 0 remain pending
[2018.11.30-12.31.35:395][  0]LogPakFile: Registered encryption key '00000000000000000000000000000000': 0 pak files mounted, 0 remain pending
[2018.11.30-12.31.35:396][  0]LogPakFile: Registered encryption key '00000000000000000000000000000000': 0 pak files mounted, 0 remain pending
[2018.11.30-12.31.35:397][  0]LogPakFile: Registered encryption key '00000000000000000000000000000000': 0 pak files mounted, 0 remain pending
[2018.11.30-12.31.35:397][  0]LogPakFile: Registered encryption key '00000000000000000000000000000000': 0 pak files mounted, 0 remain pending
[2018.11.30-12.31.35:398][  0]LogPakFile: Registered encryption key '00000000000000000000000000000000': 0 pak files mounted, 0 remain pending
[2018.11.30-12.31.35:399][  0]LogPakFile: Registered encryption key '00000000000000000000000000000000': 0 pak files mounted, 0 remain pending
[2018.11.30-12.31.35:399][  0]LogPakFile: Registered encryption key '00000000000000000000000000000000': 0 pak files mounted, 0 remain pending
[2018.11.30-12.31.35:400][  0]LogPakFile: Registered encryption key '00000000000000000000000000000000': 0 pak files mounted, 0 remain pending
[2018.11.30-12.31.35:401][  0]LogPakFile: Registered encryption key '00000000000000000000000000000000': 0 pak files mounted, 0 remain pending
[2018.11.30-12.31.35:401][  0]LogPakFile: Registered encryption key '00000000000000000000000000000000': 0 pak files mounted, 0 remain pending
[2018.11.30-12.31.35:402][  0]LogPakFile: Registered encryption key '00000000000000000000000000000000': 0 pak files mounted, 0 remain pending
[2018.11.30-12.31.35:403][  0]LogPakFile: Registered encryption key '00000000000000000000000000000000': 0 pak files mounted, 0 remain pending
[2018.11.30-12.31.35:404][  0]LogPakFile: Registered encryption key '00000000000000000000000000000000': 0 pak files mounted, 0 remain pending
[2018.11.30-12.31.35:405][  0]LogPakFile: Registered encryption key '00000000000000000000000000000000': 0 pak files mounted, 0 remain pending
[2018.11.30-12.31.35:406][  0]LogPakFile: Registered encryption key '00000000000000000000000000000000': 0 pak files mounted, 0 remain pending
[2018.11.30-12.31.35:407][  0]LogPakFile: Registered encryption key '00000000000000000000000000000000': 0 pak files mounted, 0 remain pending
[2018.11.30-12.31.35:407][  0]LogPakFile: Registered encryption key '00000000000000000000000000000000': 0 pak files mounted, 0 remain pending
[2018.11.30-12.31.35:408][  0]LogPakFile: Registered encryption key '00000000000000000000000000000000': 0 pak files mounted, 0 remain pending
[2018.11.30-12.31.35:409][  0]LogPakFile: Registered encryption key '00000000000000000000000000000000': 0 pak files mounted, 0 remain pending
[2018.11.30-12.31.35:409][  0]LogPakFile: Registered encryption key '00000000000000000000000000000000': 0 pak files mounted, 0 remain pending
[2018.11.30-12.31.35:410][  0]LogPakFile: Registered encryption key '00000000000000000000000000000000': 0 pak files mounted, 0 remain pending
[2018.11.30-12.31.35:411][  0]LogPakFile: Registered encryption key '00000000000000000000000000000000': 0 pak files mounted, 0 remain pending
[2018.11.30-12.31.35:411][  0]LogPakFile: Registered encryption key '00000000000000000000000000000000': 0 pak files mounted, 0 remain pending
[2018.11.30-12.31.35:412][  0]LogPakFile: Registered encryption key '00000000000000000000000000000000': 0 pak files mounted, 0 remain pending
[2018.11.30-12.31.35:413][  0]LogPakFile: Registered encryption key '00000000000000000000000000000000': 0 pak files mounted, 0 remain pending
[2018.11.30-12.31.35:413][  0]LogPakFile: Registered encryption key '00000000000000000000000000000000': 0 pak files mounted, 0 remain pending
[2018.11.30-12.31.35:474][  0]LogContentBrowser: Native class hierarchy updated for 'AddContentDialog' in 0.0003 seconds. Added 0 classes and 0 folders.
[2018.11.30-12.31.35:478][  0]LogContentBrowser: Native class hierarchy updated for 'SceneOutliner' in 0.0003 seconds. Added 1 classes and 2 folders.
[2018.11.30-12.31.36:844][  0]LogSlate: Only BGRA pngs, bmps or icos are supported in by External Image Picker
[2018.11.30-12.31.36:892][  0]LogSlate: Took 0.000973 seconds to synchronously load lazily loaded font '../../../Engine/Content/Slate/Fonts/Roboto-Regular.ttf' (155K)
[2018.11.30-12.31.36:896][  0]LogSlate: Took 0.000360 seconds to synchronously load lazily loaded font '../../../Engine/Content/Slate/Fonts/Roboto-Bold.ttf' (160K)
[2018.11.30-12.31.36:908][  0]LogSlate: Took 0.000331 seconds to synchronously load lazily loaded font '../../../Engine/Content/Editor/Slate/Fonts/FontAwesome.ttf' (139K)
[2018.11.30-12.31.37:047][  0]LogTemp: Executing iPhonePackager certificates Engine -bundlename com.YourCompany.vr
[2018.11.30-12.31.37:047][  0]LogTemp: CWD: D:\ue4\UE_4.21\Engine\Binaries\DotNET\IOS
[2018.11.30-12.31.37:047][  0]LogTemp: Initial Dir: D:\ue4\UE_4.21
[2018.11.30-12.31.37:047][  0]LogTemp: Env CWD: D:\ue4\UE_4.21\Engine\Binaries\DotNET\IOS
[2018.11.30-12.31.37:047][  0]LogTemp: BranchPath = MSI/D/ue4/UE_4.21/Engine/Binaries --- GameBranchPath = MSI/D/ue4/UE_4.21/Engine/Binaries
[2018.11.30-12.31.37:047][  0]LogTemp: CERTIFICATE-Name:iPhone Developer: Jose Ramos (M45869NLT9),Validity:VALID,StartDate:2018-10-02T18:19:05.0000000Z,EndDate:2019-10-02T18:19:05.0000000Z
[2018.11.30-12.31.37:047][  0]LogTemp:   Looking for a certificate that matches the application identifier '5QXZWJ9JC8.com.underDev.*'
[2018.11.30-12.31.37:047][  0]LogTemp:   .. Provision entry SN '30BCC536502112F9' matched 1 installed certificate(s)
[2018.11.30-12.31.37:047][  0]LogTemp:   .. .. Installed certificate 'iPhone Developer: Jose Ramos (M45869NLT9)' is valid (choosing it) (range '10/2/2018 2:19:05 PM' to '10/2/2019 2:19:05 PM')
[2018.11.30-12.31.37:047][  0]LogTemp: PROVISION-File:AR21.mobileprovision,Name:ARIOS,Validity:NO_MATCH,StartDate:11/2/2018 1:19:51 PM,EndDate:11/2/2019 1:19:51 PM,Type:DEVELOPMENT
[2018.11.30-12.31.37:047][  0]LogTemp:   Looking for a certificate that matches the application identifier '5QXZWJ9JC8.com.underDev.*'
[2018.11.30-12.31.37:047][  0]LogTemp:   .. Provision entry SN '30BCC536502112F9' matched 1 installed certificate(s)
[2018.11.30-12.31.37:047][  0]LogTemp:   .. .. Installed certificate 'iPhone Developer: Jose Ramos (M45869NLT9)' is valid (choosing it) (range '10/2/2018 2:19:05 PM' to '10/2/2019 2:19:05 PM')
[2018.11.30-12.31.37:047][  0]LogTemp: PROVISION-File:ARIOS (1).mobileprovision,Name:ARIOS,Validity:NO_MATCH,StartDate:11/5/2018 11:27:18 AM,EndDate:11/5/2019 11:27:18 AM,Type:DEVELOPMENT
[2018.11.30-12.31.37:047][  0]LogTemp:   Looking for a certificate that matches the application identifier '5QXZWJ9JC8.com.underDev.*'
[2018.11.30-12.31.37:047][  0]LogTemp:   .. Provision entry SN '30BCC536502112F9' matched 1 installed certificate(s)
[2018.11.30-12.31.37:047][  0]LogTemp:   .. .. Installed certificate 'iPhone Developer: Jose Ramos (M45869NLT9)' is valid (choosing it) (range '10/2/2018 2:19:05 PM' to '10/2/2019 2:19:05 PM')
[2018.11.30-12.31.37:047][  0]LogTemp: PROVISION-File:ARIOS.mobileprovision,Name:ARIOS,Validity:NO_MATCH,StartDate:11/2/2018 1:19:51 PM,EndDate:11/2/2019 1:19:51 PM,Type:DEVELOPMENT
[2018.11.30-12.31.37:047][  0]LogTemp:   Looking for a certificate that matches the application identifier '5QXZWJ9JC8.com.underDev.*'
[2018.11.30-12.31.37:047][  0]LogTemp:   .. Provision entry SN '30BCC536502112F9' matched 1 installed certificate(s)
[2018.11.30-12.31.37:047][  0]LogTemp:   .. .. Installed certificate 'iPhone Developer: Jose Ramos (M45869NLT9)' is valid (choosing it) (range '10/2/2018 2:19:05 PM' to '10/2/2019 2:19:05 PM')
[2018.11.30-12.31.37:047][  0]LogTemp: PROVISION-File:piano.mobileprovision,Name:ARIOS,Validity:NO_MATCH,StartDate:11/2/2018 1:19:51 PM,EndDate:11/2/2019 1:19:51 PM,Type:DEVELOPMENT
[2018.11.30-12.31.37:047][  0]LogTemp: MATCHED-Provision:,File:,Cert:
[2018.11.30-12.31.37:047][  0]LogRenderer: Reallocating scene render targets to support 1036x576 Format 10 NumSamples 1 (Frame:1).
[2018.11.30-12.31.37:241][  0]LogContentBrowser: Native class hierarchy updated for 'HierarchicalLODOutliner' in 0.0004 seconds. Added 0 classes and 0 folders.
[2018.11.30-12.31.37:241][  0]LogLoad: (Engine Initialization) Total time: 19.06 seconds
[2018.11.30-12.31.37:241][  0]LogLoad: (Engine Initialization) Total Blueprint compile time: 0.00 seconds
[2018.11.30-12.31.37:260][  0]LogWindowsTextInputMethodSystem: Display: IME system now deactivated.
[2018.11.30-12.31.37:322][  0]LogContentStreaming: Texture pool size now 1000 MB
[2018.11.30-12.31.37:342][  0]LogSlate: Took 0.000213 seconds to synchronously load lazily loaded font '../../../Engine/Content/Slate/Fonts/Roboto-Light.ttf' (167K)
[2018.11.30-12.31.37:434][  2]LogAssetRegistry: Asset discovery search completed in 13.1850 seconds
[2018.11.30-12.31.37:436][  2]LogCollectionManager: Rebuilt the object cache for 0 collections in 0.000000 seconds (found 0 objects)
[2018.11.30-12.31.37:436][  2]LogCollectionManager: Fixed up redirectors for 0 collections in 0.000070 seconds (updated 0 objects)
[2018.11.30-12.31.40:049][ 43]LogSlate: FSceneViewport::OnFocusLost() reason 0
[2018.11.30-12.31.40:273][ 46]LogSlate: Window 'Plugins' being destroyed
[2018.11.30-12.31.40:349][ 46]LogSlate: Window 'Plugins' being destroyed
[2018.11.30-12.31.40:349][ 46]LogDirectoryWatcher: A directory notification for '../../../Engine/Plugins/' was aborted.
[2018.11.30-12.31.40:349][ 46]LogDirectoryWatcher: A directory notification for 'D:/ue4/UE_4.21/Enterprise/Plugins/' was aborted.
[2018.11.30-12.31.40:444][ 49]LogD3D11RHI: Error: D3DDevice failed CreateBuffer VB with ByteWidth=128, BindFlags=0x1 Usage=2, CPUAccess=0x10000, MiscFlags=0x0
[2018.11.30-12.31.40:444][ 49]LogD3D11RHI: Error: Result failed 
 at D:\Build\++UE4\Sync\Engine\Source\Runtime\Windows\D3D11RHI\Private\D3D11VertexBuffer.cpp:83 
 with error DXGI_ERROR_DEVICE_REMOVED DXGI_ERROR_DEVICE_HUNG
[2018.11.30-12.31.40:444][ 49]LogD3D11RHI: [Aftermath] GDynamicRHI=00000210F9B0C180, GDX11NVAfterMathEnabled=0, Result=0xFFFFFFFF, bDeviceActive=0
[2018.11.30-12.31.40:444][ 49]LogWindows: Windows GetLastError: The operation completed successfully. (0)
[2018.11.30-12.31.42:354][ 49]LogOutputDevice: Warning: 

Script Stack (0 frames):

[2018.11.30-12.31.42:354][ 49]LogWindows: Windows GetLastError: The operation completed successfully. (0)
[2018.11.30-12.31.42:362][ 49]LogWindows: Error: === Critical error: ===
[2018.11.30-12.31.42:362][ 49]LogWindows: Error: 
[2018.11.30-12.31.42:362][ 49]LogWindows: Error: Fatal error: [File:D:\Build\++UE4\Sync\Engine\Source\Runtime\RenderCore\Private\RenderingThread.cpp] [Line: 826] 
[2018.11.30-12.31.42:362][ 49]LogWindows: Error: Rendering thread exception:
[2018.11.30-12.31.42:362][ 49]LogWindows: Error: Fatal error: [File:D:\Build\++UE4\Sync\Engine\Source\Runtime\Windows\D3D11RHI\Private\D3D11Util.cpp] [Line: 200] 
[2018.11.30-12.31.42:362][ 49]LogWindows: Error: Unreal Engine is exiting due to D3D device being lost. (Error: 0x887A0006 - 'HUNG')
[2018.11.30-12.31.42:362][ 49]LogWindows: Error: 
[2018.11.30-12.31.42:362][ 49]LogWindows: Error: 
[2018.11.30-12.31.42:362][ 49]LogWindows: Error: [Callstack] 0x00007ff99244a388 KERNELBASE.dll!UnknownFunction []
[2018.11.30-12.31.42:362][ 49]LogWindows: Error: [Callstack] 0x00007ff95003cd1a UE4Editor-Core.dll!UnknownFunction []
[2018.11.30-12.31.42:362][ 49]LogWindows: Error: [Callstack] 0x00007ff94fe1a967 UE4Editor-Core.dll!UnknownFunction []
[2018.11.30-12.31.42:362][ 49]LogWindows: Error: [Callstack] 0x00007ff94fd50df7 UE4Editor-Core.dll!UnknownFunction []
[2018.11.30-12.31.42:362][ 49]LogWindows: Error: [Callstack] 0x00007ff92204d32a UE4Editor-D3D11RHI.dll!UnknownFunction []
[2018.11.30-12.31.42:362][ 49]LogWindows: Error: [Callstack] 0x00007ff922050d64 UE4Editor-D3D11RHI.dll!UnknownFunction []
[2018.11.30-12.31.42:362][ 49]LogWindows: Error: [Callstack] 0x00007ff9220390f3 UE4Editor-D3D11RHI.dll!UnknownFunction []
[2018.11.30-12.31.42:362][ 49]LogWindows: Error: [Callstack] 0x00007ff9611b3602 UE4Editor-RHI.dll!UnknownFunction []
[2018.11.30-12.31.42:362][ 49]LogWindows: Error: [Callstack] 0x00007ff92554a813 UE4Editor-Renderer.dll!UnknownFunction []
[2018.11.30-12.31.42:362][ 49]LogWindows: Error: [Callstack] 0x00007ff92554ebee UE4Editor-Renderer.dll!UnknownFunction []
[2018.11.30-12.31.42:362][ 49]LogWindows: Error: [Callstack] 0x00007ff92554e093 UE4Editor-Renderer.dll!UnknownFunction []
[2018.11.30-12.31.42:362][ 49]LogWindows: Error: [Callstack] 0x00007ff925089812 UE4Editor-Renderer.dll!UnknownFunction []
[2018.11.30-12.31.42:362][ 49]LogWindows: Error: [Callstack] 0x00007ff924f70245 UE4Editor-Renderer.dll!UnknownFunction []
[2018.11.30-12.31.42:362][ 49]LogWindows: Error: [Callstack] 0x00007ff9254849a2 UE4Editor-Renderer.dll!UnknownFunction []
[2018.11.30-12.31.42:362][ 49]LogWindows: Error: [Callstack] 0x00007ff9254520b2 UE4Editor-Renderer.dll!UnknownFunction []
[2018.11.30-12.31.42:362][ 49]LogWindows: Error: [Callstack] 0x00007ff94fbe1798 UE4Editor-Core.dll!UnknownFunction []
[2018.11.30-12.31.42:362][ 49]LogWindows: Error: [Callstack] 0x00007ff94fbe1c56 UE4Editor-Core.dll!UnknownFunction []
[2018.11.30-12.31.42:362][ 49]LogWindows: Error: [Callstack] 0x00007ff96e8b9af9 UE4Editor-RenderCore.dll!UnknownFunction []
[2018.11.30-12.31.42:362][ 49]LogWindows: Error: [Callstack] 0x00007ff96e8baa74 UE4Editor-RenderCore.dll!UnknownFunction []
[2018.11.30-12.31.42:362][ 49]LogWindows: Error: [Callstack] 0x00007ff95003c500 UE4Editor-Core.dll!UnknownFunction []
[2018.11.30-12.31.42:362][ 49]LogWindows: Error: [Callstack] 0x00007ff95002cac1 UE4Editor-Core.dll!UnknownFunction []
[2018.11.30-12.31.42:362][ 49]LogWindows: Error: [Callstack] 0x00007ff9937a3034 KERNEL32.DLL!UnknownFunction []
[2018.11.30-12.31.42:362][ 49]LogWindows: Error: [Callstack] 0x00007ff9960b1471 ntdll.dll!UnknownFunction []
[2018.11.30-12.31.42:362][ 49]LogWindows: Error: 
[2018.11.30-12.31.42:362][ 49]LogWindows: Error: 
[2018.11.30-12.31.42:362][ 49]LogWindows: Error: 
[2018.11.30-12.31.42:362][ 49]LogWindows: Error: 
[2018.11.30-12.31.42:382][ 49]LogExit: Executing StaticShutdownAfterError
[2018.11.30-12.31.42:412][ 49]LogWindows: FPlatformMisc::RequestExit(1)
[2018.11.30-12.31.42:424][ 49]Log file closed, 11/30/18 07:31:42
