Log file open, 11/30/18 16:56:51
LogWindows: Failed to load 'aqProf.dll' (GetLastError=126)
LogWindows: File 'aqProf.dll' does not exist
LogWindows: Failed to load 'VtuneApi.dll' (GetLastError=126)
LogWindows: File 'VtuneApi.dll' does not exist
LogWindows: Failed to load 'VtuneApi32e.dll' (GetLastError=126)
LogWindows: File 'VtuneApi32e.dll' does not exist
LogConsoleResponse: Display: Failed to find resolution value strings in scalability ini. Falling back to default.
LogInit: Display: Running engine for game: vr
LogPakFile: Registered encryption key '00000000000000000000000000000000': 0 pak files mounted, 0 remain pending
LogPlatformFile: Not using cached read wrapper
LogTaskGraph: Started task graph with 5 named threads and 23 total threads with 3 sets of task threads.
LogStats: Stats thread started at 3.685198
LogD3D11RHI: Loaded GFSDK_Aftermath_Lib.x64.dll
LogICUInternationalization: ICU TimeZone Detection - Raw Offset: -5:00, Platform Override: ''
LogPluginManager: Mounting plugin Paper2D
LogPluginManager: Mounting plugin AISupport
LogPluginManager: Mounting plugin LightPropagationVolume
LogPluginManager: Mounting plugin ActorLayerUtilities
LogPluginManager: Mounting plugin CLionSourceCodeAccess
LogPluginManager: Mounting plugin CodeLiteSourceCodeAccess
LogPluginManager: Mounting plugin GitSourceControl
LogPluginManager: Mounting plugin KDevelopSourceCodeAccess
LogPluginManager: Mounting plugin NullSourceCodeAccess
LogPluginManager: Mounting plugin PerforceSourceControl
LogPluginManager: Mounting plugin SubversionSourceControl
LogPluginManager: Mounting plugin UObjectPlugin
LogPluginManager: Mounting plugin VisualStudioCodeSourceCodeAccess
LogPluginManager: Mounting plugin VisualStudioSourceCodeAccess
LogPluginManager: Mounting plugin XCodeSourceCodeAccess
LogPluginManager: Mounting plugin AssetManagerEditor
LogPluginManager: Mounting plugin CryptoKeys
LogPluginManager: Mounting plugin DataValidation
LogPluginManager: Mounting plugin EditorScriptingUtilities
LogPluginManager: Mounting plugin FacialAnimation
LogPluginManager: Mounting plugin GameplayTagsEditor
LogPluginManager: Mounting plugin MacGraphicsSwitching
LogPluginManager: Mounting plugin MeshEditor
LogPluginManager: Mounting plugin MobileLauncherProfileWizard
LogPluginManager: Mounting plugin PluginBrowser
LogPluginManager: Mounting plugin SpeedTreeImporter
LogPluginManager: Mounting plugin DatasmithContent
LogPluginManager: Mounting plugin VariantManagerContent
LogPluginManager: Mounting plugin AlembicImporter
LogPluginManager: Mounting plugin AppleImageUtils
LogPluginManager: Mounting plugin AppleVision
LogPluginManager: Mounting plugin BackChannel
LogPluginManager: Mounting plugin CharacterAI
LogPluginManager: Mounting plugin GeometryCache
LogPluginManager: Mounting plugin HTML5Networking
LogPluginManager: Mounting plugin ProxyLODPlugin
LogPluginManager: Mounting plugin MagicLeap
LogPluginManager: Mounting plugin MagicLeapMedia
LogPluginManager: Mounting plugin AndroidMedia
LogPluginManager: Mounting plugin AvfMedia
LogPluginManager: Mounting plugin ImgMedia
LogPluginManager: Mounting plugin LinearTimecode
LogPluginManager: Mounting plugin MediaCompositing
LogPluginManager: Mounting plugin MediaPlayerEditor
LogPluginManager: Mounting plugin WebMMedia
LogPluginManager: Mounting plugin WmfMedia
LogPluginManager: Mounting plugin TcpMessaging
LogPluginManager: Mounting plugin UdpMessaging
LogPluginManager: Mounting plugin ActorSequence
LogPluginManager: Mounting plugin LevelSequenceEditor
LogPluginManager: Mounting plugin MatineeToLevelSequence
LogPluginManager: Mounting plugin NetcodeUnitTest
LogPluginManager: Mounting plugin NUTUnrealEngine4
LogPluginManager: Mounting plugin OnlineSubsystemGooglePlay
LogPluginManager: Mounting plugin OnlineSubsystemIOS
LogPluginManager: Mounting plugin OnlineSubsystem
LogPluginManager: Mounting plugin OnlineSubsystemNull
LogPluginManager: Mounting plugin OnlineSubsystemUtils
LogPluginManager: Mounting plugin LauncherChunkInstaller
LogPluginManager: Mounting plugin AndroidDeviceProfileSelector
LogPluginManager: Mounting plugin AndroidMoviePlayer
LogPluginManager: Mounting plugin AndroidPermission
LogPluginManager: Mounting plugin AppleMoviePlayer
LogPluginManager: Mounting plugin ArchVisCharacter
LogPluginManager: Mounting plugin AudioCapture
LogPluginManager: Mounting plugin CableComponent
LogPluginManager: Mounting plugin CustomMeshComponent
LogPluginManager: Mounting plugin EditableMesh
LogPluginManager: Mounting plugin ExampleDeviceProfileSelector
LogPluginManager: Mounting plugin Firebase
LogPluginManager: Mounting plugin GoogleCloudMessaging
LogPluginManager: Mounting plugin IOSDeviceProfileSelector
LogPluginManager: Mounting plugin LinuxDeviceProfileSelector
LogPluginManager: Mounting plugin LocationServicesBPLibrary
LogPluginManager: Mounting plugin MobilePatchingUtils
LogPluginManager: Mounting plugin OculusVR
LogPluginManager: Mounting plugin PhysXVehicles
LogPluginManager: Mounting plugin ProceduralMeshComponent
LogPluginManager: Mounting plugin RuntimePhysXCooking
LogPluginManager: Mounting plugin SteamVR
LogPluginManager: Mounting plugin WebMMoviePlayer
LogPluginManager: Mounting plugin WindowsMoviePlayer
LogPluginManager: Mounting plugin DatasmithCADImporter
LogPluginManager: Mounting plugin DatasmithFBXImporter
LogPluginManager: Mounting plugin DatasmithImporter
LogPluginManager: Mounting plugin MDLImporter
LogPluginManager: Mounting plugin StaticMeshEditorExtension
LogPluginManager: Mounting plugin VariantManager
LogStreaming: Display: Took  0.337s to configure plugins.
LogInit: Using libcurl 7.55.1-DEV
LogInit:  - built for x86_64-pc-win32
LogInit:  - supports SSL with OpenSSL/1.0.2h
LogInit:  - supports HTTP deflate (compression) using libz 1.2.8
LogInit:  - other features:
LogInit:      CURL_VERSION_SSL
LogInit:      CURL_VERSION_LIBZ
LogInit:      CURL_VERSION_IPV6
LogInit:      CURL_VERSION_ASYNCHDNS
LogInit:      CURL_VERSION_LARGEFILE
LogInit:      CURL_VERSION_IDN
LogInit:  CurlRequestOptions (configurable via config and command line):
LogInit:  - bVerifyPeer = true  - Libcurl will verify peer certificate
LogInit:  - bUseHttpProxy = false  - Libcurl will NOT use HTTP proxy
LogInit:  - bDontReuseConnections = false  - Libcurl will reuse connections
LogInit:  - MaxHostConnections = 16  - Libcurl will limit the number of connections to a host
LogInit:  - LocalHostAddr = Default
LogInit:  - BufferSize = 65536
LogInit: WinSock: version 1.1 (2.2), MaxSocks=32767, MaxUdp=65467
LogHMD: Failed initializing OVRPlugin 1.28.0
LogInit: Build: ++UE4+Release-4.21-CL-4541578
LogInit: Engine Version: 4.21.0-4541578+++UE4+Release-4.21
LogInit: Compatible Engine Version: 4.21.0-4541578+++UE4+Release-4.21
LogInit: Net CL: 4541578
LogInit: OS: Windows 10 (), CPU: Intel(R) Core(TM) i7-6700HQ CPU @ 2.60GHz, GPU: Intel(R) HD Graphics 530
LogInit: Compiled (64-bit): Nov  6 2018 02:04:24
LogInit: Compiled with Visual C++: 19.13.26129.00
LogInit: Build Configuration: Development
LogInit: Branch Name: ++UE4+Release-4.21
LogInit: Command Line: 
LogInit: Base Directory: D:/ue4/UE_4.21/Engine/Binaries/Win64/
LogInit: Installed Engine Build: 1
LogDevObjectVersion: Number of dev versions registered: 22
LogDevObjectVersion:   Dev-Blueprints (B0D832E4-1F89-4F0D-ACCF-7EB736FD4AA2): 10
LogDevObjectVersion:   Dev-Build (E1C64328-A22C-4D53-A36C-8E866417BD8C): 0
LogDevObjectVersion:   Dev-Core (375EC13C-06E4-48FB-B500-84F0262A717E): 2
LogDevObjectVersion:   Dev-Editor (E4B068ED-F494-42E9-A231-DA0B2E46BB41): 26
LogDevObjectVersion:   Dev-Framework (CFFC743F-43B0-4480-9391-14DF171D2073): 34
LogDevObjectVersion:   Dev-Mobile (B02B49B5-BB20-44E9-A304-32B752E40360): 2
LogDevObjectVersion:   Dev-Networking (A4E4105C-59A1-49B5-A7C5-40C4547EDFEE): 0
LogDevObjectVersion:   Dev-Online (39C831C9-5AE6-47DC-9A44-9C173E1C8E7C): 0
LogDevObjectVersion:   Dev-Physics (78F01B33-EBEA-4F98-B9B4-84EACCB95AA2): 0
LogDevObjectVersion:   Dev-Platform (6631380F-2D4D-43E0-8009-CF276956A95A): 0
LogDevObjectVersion:   Dev-Rendering (12F88B9F-8875-4AFC-A67C-D90C383ABD29): 27
LogDevObjectVersion:   Dev-Sequencer (7B5AE74C-D270-4C10-A958-57980B212A5A): 9
LogDevObjectVersion:   Dev-VR (D7296918-1DD6-4BDD-9DE2-64A83CC13884): 2
LogDevObjectVersion:   Dev-LoadTimes (C2A15278-BFE7-4AFE-6C17-90FF531DF755): 1
LogDevObjectVersion:   Private-Geometry (6EACA3D4-40EC-4CC1-B786-8BED09428FC5): 3
LogDevObjectVersion:   Dev-AnimPhys (29E575DD-E0A3-4627-9D10-D276232CDCEA): 17
LogDevObjectVersion:   Dev-Anim (AF43A65D-7FD3-4947-9873-3E8ED9C1BB05): 2
LogDevObjectVersion:   Dev-ReflectionCapture (6B266CEC-1EC7-4B8F-A30B-E4D90942FC07): 1
LogDevObjectVersion:   Dev-Automation (0DF73D61-A23F-47EA-B727-89E90C41499A): 1
LogDevObjectVersion:   FortniteMain (601D1886-AC64-4F84-AA16-D3DE0DEAC7D6): 17
LogDevObjectVersion:   Dev-Enterprise (9DFFBCD6-494F-0158-E221-12823C92A888): 4
LogDevObjectVersion:   Dev-Niagara (F2AED0AC-9AFE-416F-8664-AA7FFA26D6FC): 1
LogStreaming: Display: Took  0.001s to delete old logs.
LogInit: Presizing for max 8388607 objects, including 0 objects not considered by GC, pre-allocating 0 bytes for permanent pool.
LogInit: Object subsystem initialized
LogConfig: Setting CVar [[con.DebugEarlyDefault:1]]
LogConfig: Setting CVar [[r.setres:1280x720]]
[2018.11.30-21.56.54:112][  0]LogConfig: Setting CVar [[r.VSync:0]]
[2018.11.30-21.56.54:112][  0]LogConfig: Setting CVar [[r.RHICmdBypass:0]]
[2018.11.30-21.56.54:112][  0]LogConfig: Applying CVar settings from Section [/Script/Engine.RendererSettings] File [D:/vr/Saved/Config/Windows/Engine.ini]
[2018.11.30-21.56.54:112][  0]LogConfig: Setting CVar [[r.GPUCrashDebugging:0]]
[2018.11.30-21.56.54:112][  0]LogConfig: Applying CVar settings from Section [/Script/Engine.RendererOverrideSettings] File [D:/vr/Saved/Config/Windows/Engine.ini]
[2018.11.30-21.56.54:112][  0]LogConfig: Applying CVar settings from Section [/Script/Engine.StreamingSettings] File [D:/vr/Saved/Config/Windows/Engine.ini]
[2018.11.30-21.56.54:112][  0]LogConfig: Setting CVar [[s.MinBulkDataSizeForAsyncLoading:131072]]
[2018.11.30-21.56.54:112][  0]LogConfig: Setting CVar [[s.AsyncLoadingThreadEnabled:0]]
[2018.11.30-21.56.54:112][  0]LogConfig: Setting CVar [[s.EventDrivenLoaderEnabled:1]]
[2018.11.30-21.56.54:112][  0]LogConfig: Setting CVar [[s.WarnIfTimeLimitExceeded:0]]
[2018.11.30-21.56.54:112][  0]LogConfig: Setting CVar [[s.TimeLimitExceededMultiplier:1.5]]
[2018.11.30-21.56.54:112][  0]LogConfig: Setting CVar [[s.TimeLimitExceededMinTime:0.005]]
[2018.11.30-21.56.54:112][  0]LogConfig: Setting CVar [[s.UseBackgroundLevelStreaming:1]]
[2018.11.30-21.56.54:112][  0]LogConfig: Setting CVar [[s.PriorityAsyncLoadingExtraTime:15.0]]
[2018.11.30-21.56.54:112][  0]LogConfig: Setting CVar [[s.LevelStreamingActorsUpdateTimeLimit:5.0]]
[2018.11.30-21.56.54:112][  0]LogConfig: Setting CVar [[s.PriorityLevelStreamingActorsUpdateExtraTime:5.0]]
[2018.11.30-21.56.54:112][  0]LogConfig: Setting CVar [[s.LevelStreamingComponentsRegistrationGranularity:10]]
[2018.11.30-21.56.54:112][  0]LogConfig: Setting CVar [[s.UnregisterComponentsTimeLimit:1.0]]
[2018.11.30-21.56.54:112][  0]LogConfig: Setting CVar [[s.LevelStreamingComponentsUnregistrationGranularity:5]]
[2018.11.30-21.56.54:112][  0]LogConfig: Applying CVar settings from Section [/Script/Engine.GarbageCollectionSettings] File [D:/vr/Saved/Config/Windows/Engine.ini]
[2018.11.30-21.56.54:112][  0]LogConfig: Setting CVar [[gc.MaxObjectsNotConsideredByGC:1]]
[2018.11.30-21.56.54:112][  0]LogConfig: Setting CVar [[gc.SizeOfPermanentObjectPool:0]]
[2018.11.30-21.56.54:112][  0]LogConfig: Setting CVar [[gc.FlushStreamingOnGC:0]]
[2018.11.30-21.56.54:112][  0]LogConfig: Setting CVar [[gc.NumRetriesBeforeForcingGC:10]]
[2018.11.30-21.56.54:112][  0]LogConfig: Setting CVar [[gc.AllowParallelGC:1]]
[2018.11.30-21.56.54:112][  0]LogConfig: Setting CVar [[gc.TimeBetweenPurgingPendingKillObjects:61.1]]
[2018.11.30-21.56.54:112][  0]LogConfig: Setting CVar [[gc.MaxObjectsInEditor:8388607]]
[2018.11.30-21.56.54:112][  0]LogConfig: Setting CVar [[gc.IncrementalBeginDestroyEnabled:1]]
[2018.11.30-21.56.54:112][  0]LogConfig: Setting CVar [[gc.CreateGCClusters:1]]
[2018.11.30-21.56.54:112][  0]LogConfig: Setting CVar [[gc.MergeGCClusters:0]]
[2018.11.30-21.56.54:112][  0]LogConfig: Setting CVar [[gc.MinGCClusterSize:5]]
[2018.11.30-21.56.54:112][  0]LogConfig: Setting CVar [[gc.ActorClusteringEnabled:0]]
[2018.11.30-21.56.54:112][  0]LogConfig: Setting CVar [[gc.BlueprintClusteringEnabled:0]]
[2018.11.30-21.56.54:112][  0]LogConfig: Setting CVar [[gc.UseDisregardForGCOnDedicatedServers:0]]
[2018.11.30-21.56.54:112][  0]LogConfig: Applying CVar settings from Section [/Script/Engine.NetworkSettings] File [D:/vr/Saved/Config/Windows/Engine.ini]
[2018.11.30-21.56.54:112][  0]LogConfig: Applying CVar settings from Section [/Script/UnrealEd.CookerSettings] File [D:/vr/Saved/Config/Windows/Engine.ini]
[2018.11.30-21.56.54:149][  0]LogConfig: Applying CVar settings from Section [ViewDistanceQuality@3] File [D:/vr/Saved/Config/Windows/Scalability.ini]
[2018.11.30-21.56.54:149][  0]LogConfig: Setting CVar [[r.SkeletalMeshLODBias:0]]
[2018.11.30-21.56.54:149][  0]LogConfig: Setting CVar [[r.ViewDistanceScale:1.0]]
[2018.11.30-21.56.54:149][  0]LogConfig: Applying CVar settings from Section [AntiAliasingQuality@3] File [D:/vr/Saved/Config/Windows/Scalability.ini]
[2018.11.30-21.56.54:149][  0]LogConfig: Setting CVar [[r.PostProcessAAQuality:4]]
[2018.11.30-21.56.54:149][  0]LogConfig: Applying CVar settings from Section [ShadowQuality@3] File [D:/vr/Saved/Config/Windows/Scalability.ini]
[2018.11.30-21.56.54:149][  0]LogConfig: Setting CVar [[r.LightFunctionQuality:1]]
[2018.11.30-21.56.54:149][  0]LogConfig: Setting CVar [[r.ShadowQuality:5]]
[2018.11.30-21.56.54:149][  0]LogConfig: Setting CVar [[r.Shadow.CSM.MaxCascades:10]]
[2018.11.30-21.56.54:149][  0]LogConfig: Setting CVar [[r.Shadow.MaxResolution:2048]]
[2018.11.30-21.56.54:149][  0]LogConfig: Setting CVar [[r.Shadow.MaxCSMResolution:2048]]
[2018.11.30-21.56.54:149][  0]LogConfig: Setting CVar [[r.Shadow.RadiusThreshold:0.01]]
[2018.11.30-21.56.54:149][  0]LogConfig: Setting CVar [[r.Shadow.DistanceScale:1.0]]
[2018.11.30-21.56.54:149][  0]LogConfig: Setting CVar [[r.Shadow.CSM.TransitionScale:1.0]]
[2018.11.30-21.56.54:149][  0]LogConfig: Setting CVar [[r.Shadow.PreShadowResolutionFactor:1.0]]
[2018.11.30-21.56.54:149][  0]LogConfig: Setting CVar [[r.DistanceFieldShadowing:1]]
[2018.11.30-21.56.54:149][  0]LogConfig: Setting CVar [[r.DistanceFieldAO:1]]
[2018.11.30-21.56.54:149][  0]LogConfig: Setting CVar [[r.AOQuality:2]]
[2018.11.30-21.56.54:149][  0]LogConfig: Setting CVar [[r.VolumetricFog:1]]
[2018.11.30-21.56.54:149][  0]LogConfig: Setting CVar [[r.VolumetricFog.GridPixelSize:8]]
[2018.11.30-21.56.54:149][  0]LogConfig: Setting CVar [[r.VolumetricFog.GridSizeZ:128]]
[2018.11.30-21.56.54:149][  0]LogConfig: Setting CVar [[r.VolumetricFog.HistoryMissSupersampleCount:4]]
[2018.11.30-21.56.54:149][  0]LogConfig: Setting CVar [[r.LightMaxDrawDistanceScale:1]]
[2018.11.30-21.56.54:149][  0]LogConfig: Setting CVar [[r.CapsuleShadows:1]]
[2018.11.30-21.56.54:149][  0]LogConfig: Applying CVar settings from Section [PostProcessQuality@3] File [D:/vr/Saved/Config/Windows/Scalability.ini]
[2018.11.30-21.56.54:149][  0]LogConfig: Setting CVar [[r.MotionBlurQuality:4]]
[2018.11.30-21.56.54:149][  0]LogConfig: Setting CVar [[r.AmbientOcclusionMipLevelFactor:0.4]]
[2018.11.30-21.56.54:149][  0]LogConfig: Setting CVar [[r.AmbientOcclusionMaxQuality:100]]
[2018.11.30-21.56.54:149][  0]LogConfig: Setting CVar [[r.AmbientOcclusionLevels:-1]]
[2018.11.30-21.56.54:149][  0]LogConfig: Setting CVar [[r.AmbientOcclusionRadiusScale:1.0]]
[2018.11.30-21.56.54:149][  0]LogConfig: Setting CVar [[r.DepthOfFieldQuality:2]]
[2018.11.30-21.56.54:149][  0]LogConfig: Setting CVar [[r.RenderTargetPoolMin:400]]
[2018.11.30-21.56.54:149][  0]LogConfig: Setting CVar [[r.LensFlareQuality:2]]
[2018.11.30-21.56.54:149][  0]LogConfig: Setting CVar [[r.SceneColorFringeQuality:1]]
[2018.11.30-21.56.54:149][  0]LogConfig: Setting CVar [[r.EyeAdaptationQuality:2]]
[2018.11.30-21.56.54:149][  0]LogConfig: Setting CVar [[r.BloomQuality:5]]
[2018.11.30-21.56.54:149][  0]LogConfig: Setting CVar [[r.FastBlurThreshold:100]]
[2018.11.30-21.56.54:149][  0]LogConfig: Setting CVar [[r.Upscale.Quality:3]]
[2018.11.30-21.56.54:149][  0]LogConfig: Setting CVar [[r.Tonemapper.GrainQuantization:1]]
[2018.11.30-21.56.54:149][  0]LogConfig: Setting CVar [[r.LightShaftQuality:1]]
[2018.11.30-21.56.54:149][  0]LogConfig: Setting CVar [[r.Filter.SizeScale:1]]
[2018.11.30-21.56.54:149][  0]LogConfig: Setting CVar [[r.Tonemapper.Quality:5]]
[2018.11.30-21.56.54:149][  0]LogConfig: Setting CVar [[r.DOF.Gather.AccumulatorQuality:1        ; higher gathering accumulator quality]]
[2018.11.30-21.56.54:149][  0]LogConfig: Setting CVar [[r.DOF.Gather.PostfilterMethod:1          ; Median3x3 postfilering method]]
[2018.11.30-21.56.54:150][  0]LogConfig: Setting CVar [[r.DOF.Gather.EnableBokehSettings:0       ; no bokeh simulation when gathering]]
[2018.11.30-21.56.54:150][  0]LogConfig: Setting CVar [[r.DOF.Gather.RingCount:4                 ; medium number of samples when gathering]]
[2018.11.30-21.56.54:150][  0]LogConfig: Setting CVar [[r.DOF.Scatter.ForegroundCompositing:1    ; additive foreground scattering]]
[2018.11.30-21.56.54:150][  0]LogConfig: Setting CVar [[r.DOF.Scatter.BackgroundCompositing:2    ; additive background scattering]]
[2018.11.30-21.56.54:150][  0]LogConfig: Setting CVar [[r.DOF.Scatter.EnableBokehSettings:1      ; bokeh simulation when scattering]]
[2018.11.30-21.56.54:150][  0]LogConfig: Setting CVar [[r.DOF.Scatter.MaxSpriteRatio:0.1         ; only a maximum of 10% of scattered bokeh]]
[2018.11.30-21.56.54:150][  0]LogConfig: Setting CVar [[r.DOF.Recombine.Quality:1                ; cheap slight out of focus]]
[2018.11.30-21.56.54:150][  0]LogConfig: Setting CVar [[r.DOF.Recombine.EnableBokehSettings:0    ; no bokeh simulation on slight out of focus]]
[2018.11.30-21.56.54:150][  0]LogConfig: Setting CVar [[r.DOF.TemporalAAQuality:1                ; more stable temporal accumulation]]
[2018.11.30-21.56.54:150][  0]LogConfig: Setting CVar [[r.DOF.Kernel.MaxForegroundRadius:0.025]]
[2018.11.30-21.56.54:150][  0]LogConfig: Setting CVar [[r.DOF.Kernel.MaxBackgroundRadius:0.025]]
[2018.11.30-21.56.54:150][  0]LogConfig: Applying CVar settings from Section [TextureQuality@3] File [D:/vr/Saved/Config/Windows/Scalability.ini]
[2018.11.30-21.56.54:150][  0]LogConfig: Setting CVar [[r.Streaming.MipBias:0]]
[2018.11.30-21.56.54:150][  0]LogConfig: Setting CVar [[r.Streaming.AmortizeCPUToGPUCopy:0]]
[2018.11.30-21.56.54:150][  0]LogConfig: Setting CVar [[r.Streaming.MaxNumTexturesToStreamPerFrame:0]]
[2018.11.30-21.56.54:150][  0]LogConfig: Setting CVar [[r.Streaming.Boost:1]]
[2018.11.30-21.56.54:150][  0]LogConfig: Setting CVar [[r.MaxAnisotropy:8]]
[2018.11.30-21.56.54:150][  0]LogConfig: Setting CVar [[r.Streaming.LimitPoolSizeToVRAM:0]]
[2018.11.30-21.56.54:150][  0]LogConfig: Setting CVar [[r.Streaming.PoolSize:1000]]
[2018.11.30-21.56.54:150][  0]LogConfig: Setting CVar [[r.Streaming.MaxEffectiveScreenSize:0]]
[2018.11.30-21.56.54:150][  0]LogConfig: Applying CVar settings from Section [EffectsQuality@3] File [D:/vr/Saved/Config/Windows/Scalability.ini]
[2018.11.30-21.56.54:150][  0]LogConfig: Setting CVar [[r.TranslucencyLightingVolumeDim:64]]
[2018.11.30-21.56.54:150][  0]LogConfig: Setting CVar [[r.RefractionQuality:2]]
[2018.11.30-21.56.54:150][  0]LogConfig: Setting CVar [[r.SSR.Quality:3]]
[2018.11.30-21.56.54:150][  0]LogConfig: Setting CVar [[r.SceneColorFormat:4]]
[2018.11.30-21.56.54:150][  0]LogConfig: Setting CVar [[r.DetailMode:2]]
[2018.11.30-21.56.54:150][  0]LogConfig: Setting CVar [[r.TranslucencyVolumeBlur:1]]
[2018.11.30-21.56.54:150][  0]LogConfig: Setting CVar [[r.MaterialQualityLevel:1 ; High quality]]
[2018.11.30-21.56.54:150][  0]LogConfig: Setting CVar [[r.SSS.Scale:1]]
[2018.11.30-21.56.54:150][  0]LogConfig: Setting CVar [[r.SSS.SampleSet:2]]
[2018.11.30-21.56.54:150][  0]LogConfig: Setting CVar [[r.SSS.Quality:1]]
[2018.11.30-21.56.54:150][  0]LogConfig: Setting CVar [[r.SSS.HalfRes:1]]
[2018.11.30-21.56.54:150][  0]LogConfig: Setting CVar [[r.EmitterSpawnRateScale:1.0]]
[2018.11.30-21.56.54:150][  0]LogConfig: Setting CVar [[r.ParticleLightQuality:2]]
[2018.11.30-21.56.54:150][  0]LogConfig: Applying CVar settings from Section [FoliageQuality@3] File [D:/vr/Saved/Config/Windows/Scalability.ini]
[2018.11.30-21.56.54:150][  0]LogConfig: Setting CVar [[foliage.DensityScale:1.0]]
[2018.11.30-21.56.54:150][  0]LogConfig: Setting CVar [[grass.DensityScale:1.0]]
[2018.11.30-21.56.54:160][  0]LogInit: Selected Device Profile: [Windows]
[2018.11.30-21.56.54:160][  0]LogInit: Applying CVar settings loaded from the selected device profile: [Windows]
[2018.11.30-21.56.54:215][  0]LogHAL: Display: Platform has ~ 12 GB [12755001344 / 17179869184 / 12], which maps to Larger [LargestMinGB=32, LargerMinGB=12, DefaultMinGB=8, SmallerMinGB=6, SmallestMinGB=0)
[2018.11.30-21.56.54:224][  0]LogConfig: Setting CVar [[r.Vulkan.UseRealUBs:1]]
[2018.11.30-21.56.54:224][  0]LogInit: Going up to parent DeviceProfile []
[2018.11.30-21.56.54:224][  0]LogConfig: Applying CVar settings from Section [ViewDistanceQuality@3] File [D:/vr/Saved/Config/Windows/Scalability.ini]
[2018.11.30-21.56.54:224][  0]LogConfig: Setting CVar [[r.SkeletalMeshLODBias:0]]
[2018.11.30-21.56.54:224][  0]LogConfig: Setting CVar [[r.ViewDistanceScale:1.0]]
[2018.11.30-21.56.54:224][  0]LogConfig: Applying CVar settings from Section [AntiAliasingQuality@3] File [D:/vr/Saved/Config/Windows/Scalability.ini]
[2018.11.30-21.56.54:224][  0]LogConfig: Setting CVar [[r.PostProcessAAQuality:4]]
[2018.11.30-21.56.54:224][  0]LogConfig: Applying CVar settings from Section [ShadowQuality@3] File [D:/vr/Saved/Config/Windows/Scalability.ini]
[2018.11.30-21.56.54:224][  0]LogConfig: Setting CVar [[r.LightFunctionQuality:1]]
[2018.11.30-21.56.54:224][  0]LogConfig: Setting CVar [[r.ShadowQuality:5]]
[2018.11.30-21.56.54:225][  0]LogConfig: Setting CVar [[r.Shadow.CSM.MaxCascades:10]]
[2018.11.30-21.56.54:225][  0]LogConfig: Setting CVar [[r.Shadow.MaxResolution:2048]]
[2018.11.30-21.56.54:225][  0]LogConfig: Setting CVar [[r.Shadow.MaxCSMResolution:2048]]
[2018.11.30-21.56.54:225][  0]LogConfig: Setting CVar [[r.Shadow.RadiusThreshold:0.01]]
[2018.11.30-21.56.54:225][  0]LogConfig: Setting CVar [[r.Shadow.DistanceScale:1.0]]
[2018.11.30-21.56.54:225][  0]LogConfig: Setting CVar [[r.Shadow.CSM.TransitionScale:1.0]]
[2018.11.30-21.56.54:225][  0]LogConfig: Setting CVar [[r.Shadow.PreShadowResolutionFactor:1.0]]
[2018.11.30-21.56.54:225][  0]LogConfig: Setting CVar [[r.DistanceFieldShadowing:1]]
[2018.11.30-21.56.54:225][  0]LogConfig: Setting CVar [[r.DistanceFieldAO:1]]
[2018.11.30-21.56.54:225][  0]LogConfig: Setting CVar [[r.AOQuality:2]]
[2018.11.30-21.56.54:225][  0]LogConfig: Setting CVar [[r.VolumetricFog:1]]
[2018.11.30-21.56.54:225][  0]LogConfig: Setting CVar [[r.VolumetricFog.GridPixelSize:8]]
[2018.11.30-21.56.54:225][  0]LogConfig: Setting CVar [[r.VolumetricFog.GridSizeZ:128]]
[2018.11.30-21.56.54:225][  0]LogConfig: Setting CVar [[r.VolumetricFog.HistoryMissSupersampleCount:4]]
[2018.11.30-21.56.54:225][  0]LogConfig: Setting CVar [[r.LightMaxDrawDistanceScale:1]]
[2018.11.30-21.56.54:225][  0]LogConfig: Setting CVar [[r.CapsuleShadows:1]]
[2018.11.30-21.56.54:225][  0]LogConfig: Applying CVar settings from Section [PostProcessQuality@3] File [D:/vr/Saved/Config/Windows/Scalability.ini]
[2018.11.30-21.56.54:225][  0]LogConfig: Setting CVar [[r.MotionBlurQuality:4]]
[2018.11.30-21.56.54:225][  0]LogConfig: Setting CVar [[r.AmbientOcclusionMipLevelFactor:0.4]]
[2018.11.30-21.56.54:225][  0]LogConfig: Setting CVar [[r.AmbientOcclusionMaxQuality:100]]
[2018.11.30-21.56.54:225][  0]LogConfig: Setting CVar [[r.AmbientOcclusionLevels:-1]]
[2018.11.30-21.56.54:225][  0]LogConfig: Setting CVar [[r.AmbientOcclusionRadiusScale:1.0]]
[2018.11.30-21.56.54:225][  0]LogConfig: Setting CVar [[r.DepthOfFieldQuality:2]]
[2018.11.30-21.56.54:225][  0]LogConfig: Setting CVar [[r.RenderTargetPoolMin:400]]
[2018.11.30-21.56.54:225][  0]LogConfig: Setting CVar [[r.LensFlareQuality:2]]
[2018.11.30-21.56.54:225][  0]LogConfig: Setting CVar [[r.SceneColorFringeQuality:1]]
[2018.11.30-21.56.54:225][  0]LogConfig: Setting CVar [[r.EyeAdaptationQuality:2]]
[2018.11.30-21.56.54:225][  0]LogConfig: Setting CVar [[r.BloomQuality:5]]
[2018.11.30-21.56.54:225][  0]LogConfig: Setting CVar [[r.FastBlurThreshold:100]]
[2018.11.30-21.56.54:225][  0]LogConfig: Setting CVar [[r.Upscale.Quality:3]]
[2018.11.30-21.56.54:225][  0]LogConfig: Setting CVar [[r.Tonemapper.GrainQuantization:1]]
[2018.11.30-21.56.54:225][  0]LogConfig: Setting CVar [[r.LightShaftQuality:1]]
[2018.11.30-21.56.54:225][  0]LogConfig: Setting CVar [[r.Filter.SizeScale:1]]
[2018.11.30-21.56.54:225][  0]LogConfig: Setting CVar [[r.Tonemapper.Quality:5]]
[2018.11.30-21.56.54:225][  0]LogConfig: Setting CVar [[r.DOF.Gather.AccumulatorQuality:1        ; higher gathering accumulator quality]]
[2018.11.30-21.56.54:225][  0]LogConfig: Setting CVar [[r.DOF.Gather.PostfilterMethod:1          ; Median3x3 postfilering method]]
[2018.11.30-21.56.54:225][  0]LogConfig: Setting CVar [[r.DOF.Gather.EnableBokehSettings:0       ; no bokeh simulation when gathering]]
[2018.11.30-21.56.54:225][  0]LogConfig: Setting CVar [[r.DOF.Gather.RingCount:4                 ; medium number of samples when gathering]]
[2018.11.30-21.56.54:225][  0]LogConfig: Setting CVar [[r.DOF.Scatter.ForegroundCompositing:1    ; additive foreground scattering]]
[2018.11.30-21.56.54:225][  0]LogConfig: Setting CVar [[r.DOF.Scatter.BackgroundCompositing:2    ; additive background scattering]]
[2018.11.30-21.56.54:225][  0]LogConfig: Setting CVar [[r.DOF.Scatter.EnableBokehSettings:1      ; bokeh simulation when scattering]]
[2018.11.30-21.56.54:225][  0]LogConfig: Setting CVar [[r.DOF.Scatter.MaxSpriteRatio:0.1         ; only a maximum of 10% of scattered bokeh]]
[2018.11.30-21.56.54:225][  0]LogConfig: Setting CVar [[r.DOF.Recombine.Quality:1                ; cheap slight out of focus]]
[2018.11.30-21.56.54:225][  0]LogConfig: Setting CVar [[r.DOF.Recombine.EnableBokehSettings:0    ; no bokeh simulation on slight out of focus]]
[2018.11.30-21.56.54:225][  0]LogConfig: Setting CVar [[r.DOF.TemporalAAQuality:1                ; more stable temporal accumulation]]
[2018.11.30-21.56.54:225][  0]LogConfig: Setting CVar [[r.DOF.Kernel.MaxForegroundRadius:0.025]]
[2018.11.30-21.56.54:225][  0]LogConfig: Setting CVar [[r.DOF.Kernel.MaxBackgroundRadius:0.025]]
[2018.11.30-21.56.54:225][  0]LogConfig: Applying CVar settings from Section [TextureQuality@3] File [D:/vr/Saved/Config/Windows/Scalability.ini]
[2018.11.30-21.56.54:225][  0]LogConfig: Setting CVar [[r.Streaming.MipBias:0]]
[2018.11.30-21.56.54:225][  0]LogConfig: Setting CVar [[r.Streaming.AmortizeCPUToGPUCopy:0]]
[2018.11.30-21.56.54:225][  0]LogConfig: Setting CVar [[r.Streaming.MaxNumTexturesToStreamPerFrame:0]]
[2018.11.30-21.56.54:225][  0]LogConfig: Setting CVar [[r.Streaming.Boost:1]]
[2018.11.30-21.56.54:225][  0]LogConfig: Setting CVar [[r.MaxAnisotropy:8]]
[2018.11.30-21.56.54:225][  0]LogConfig: Setting CVar [[r.Streaming.LimitPoolSizeToVRAM:0]]
[2018.11.30-21.56.54:225][  0]LogConfig: Setting CVar [[r.Streaming.PoolSize:1000]]
[2018.11.30-21.56.54:225][  0]LogConfig: Setting CVar [[r.Streaming.MaxEffectiveScreenSize:0]]
[2018.11.30-21.56.54:225][  0]LogConfig: Applying CVar settings from Section [EffectsQuality@3] File [D:/vr/Saved/Config/Windows/Scalability.ini]
[2018.11.30-21.56.54:225][  0]LogConfig: Setting CVar [[r.TranslucencyLightingVolumeDim:64]]
[2018.11.30-21.56.54:225][  0]LogConfig: Setting CVar [[r.RefractionQuality:2]]
[2018.11.30-21.56.54:225][  0]LogConfig: Setting CVar [[r.SSR.Quality:3]]
[2018.11.30-21.56.54:225][  0]LogConfig: Setting CVar [[r.SceneColorFormat:4]]
[2018.11.30-21.56.54:225][  0]LogConfig: Setting CVar [[r.DetailMode:2]]
[2018.11.30-21.56.54:225][  0]LogConfig: Setting CVar [[r.TranslucencyVolumeBlur:1]]
[2018.11.30-21.56.54:225][  0]LogConfig: Setting CVar [[r.MaterialQualityLevel:1 ; High quality]]
[2018.11.30-21.56.54:225][  0]LogConfig: Setting CVar [[r.SSS.Scale:1]]
[2018.11.30-21.56.54:225][  0]LogConfig: Setting CVar [[r.SSS.SampleSet:2]]
[2018.11.30-21.56.54:226][  0]LogConfig: Setting CVar [[r.SSS.Quality:1]]
[2018.11.30-21.56.54:226][  0]LogConfig: Setting CVar [[r.SSS.HalfRes:1]]
[2018.11.30-21.56.54:226][  0]LogConfig: Setting CVar [[r.EmitterSpawnRateScale:1.0]]
[2018.11.30-21.56.54:226][  0]LogConfig: Setting CVar [[r.ParticleLightQuality:2]]
[2018.11.30-21.56.54:226][  0]LogConfig: Applying CVar settings from Section [FoliageQuality@3] File [D:/vr/Saved/Config/Windows/Scalability.ini]
[2018.11.30-21.56.54:226][  0]LogConfig: Setting CVar [[foliage.DensityScale:1.0]]
[2018.11.30-21.56.54:226][  0]LogConfig: Setting CVar [[grass.DensityScale:1.0]]
[2018.11.30-21.56.54:226][  0]LogConfig: Applying CVar settings from Section [Startup] File [../../../Engine/Config/ConsoleVariables.ini]
[2018.11.30-21.56.54:240][  0]LogConfig: Setting CVar [[net.UseAdaptiveNetUpdateFrequency:0]]
[2018.11.30-21.56.54:240][  0]LogConfig: Applying CVar settings from Section [ConsoleVariables] File [D:/vr/Saved/Config/Windows/Engine.ini]
[2018.11.30-21.56.54:259][  0]LogInit: Computer: MSI
[2018.11.30-21.56.54:259][  0]LogInit: User: saxhack
[2018.11.30-21.56.54:259][  0]LogInit: CPU Page size=4096, Cores=4
[2018.11.30-21.56.54:259][  0]LogInit: High frequency timer resolution =2.531252 MHz
[2018.11.30-21.56.54:260][  0]LogMemory: Memory total: Physical=11.9GB (12GB approx)
[2018.11.30-21.56.54:260][  0]LogMemory: Platform Memory Stats for Windows
[2018.11.30-21.56.54:260][  0]LogMemory: Process Physical Memory: 105.77 MB used, 105.77 MB peak
[2018.11.30-21.56.54:260][  0]LogMemory: Process Virtual Memory: 95.86 MB used, 95.86 MB peak
[2018.11.30-21.56.54:260][  0]LogMemory: Physical Memory: 5992.16 MB used,  6171.96 MB free, 12164.12 MB total
[2018.11.30-21.56.54:260][  0]LogMemory: Virtual Memory: 4669.25 MB used,  134213056.00 MB free, 134217728.00 MB total
[2018.11.30-21.56.54:849][  0]LogInit: Using OS detected language (en-US).
[2018.11.30-21.56.54:849][  0]LogInit: Using OS detected locale (en-US).
[2018.11.30-21.56.54:879][  0]LogTextLocalizationManager: No specific localization for 'en-US' exists, so the 'en' localization will be used.
[2018.11.30-21.56.55:640][  0]LogStreaming: Display: Took  0.777s to InitEngineTextLocalization.
[2018.11.30-21.56.55:648][  0]LogInit: Setting process to per monitor DPI aware
[2018.11.30-21.56.55:982][  0]LogSlate: New Slate User Created.  User Index 0, Is Virtual User: 0
[2018.11.30-21.56.55:982][  0]LogSlate: Slate User Registered.  User Index 0, Is Virtual User: 0
[2018.11.30-21.56.57:371][  0]LogHMD: Failed to initialize OpenVR with code 100
[2018.11.30-21.56.57:371][  0]LogD3D11RHI: D3D11 adapters:
[2018.11.30-21.56.57:458][  0]LogD3D11RHI:    0. 'NVIDIA GeForce GTX 1060' (Feature Level 11_0)
[2018.11.30-21.56.57:458][  0]LogD3D11RHI:       6052/0/6082 MB DedicatedVideo/DedicatedSystem/SharedSystem, Outputs:1, VendorId:0x10de
[2018.11.30-21.56.57:469][  0]LogD3D11RHI:    1. 'Intel(R) HD Graphics 530' (Feature Level 11_0)
[2018.11.30-21.56.57:469][  0]LogD3D11RHI:       128/0/6082 MB DedicatedVideo/DedicatedSystem/SharedSystem, Outputs:0, VendorId:0x8086
[2018.11.30-21.56.57:471][  0]LogD3D11RHI:    2. 'Microsoft Basic Render Driver' (Feature Level 11_0)
[2018.11.30-21.56.57:471][  0]LogD3D11RHI:       0/0/6082 MB DedicatedVideo/DedicatedSystem/SharedSystem, Outputs:0, VendorId:0x1414
[2018.11.30-21.56.57:471][  0]LogD3D11RHI: Chosen D3D11 Adapter: 0
[2018.11.30-21.56.57:513][  0]LogD3D11RHI: Creating new Direct3DDevice
[2018.11.30-21.56.57:514][  0]LogD3D11RHI:     GPU DeviceId: 0x1c20 (for the marketing name, search the web for "GPU Device Id")
[2018.11.30-21.56.57:514][  0]LogWindows: EnumDisplayDevices:
[2018.11.30-21.56.57:514][  0]LogWindows:    0. 'Intel(R) HD Graphics 530' (P:1 D:1)
[2018.11.30-21.56.57:514][  0]LogWindows:    1. 'Intel(R) HD Graphics 530' (P:0 D:0)
[2018.11.30-21.56.57:514][  0]LogWindows:    2. 'Intel(R) HD Graphics 530' (P:0 D:0)
[2018.11.30-21.56.57:515][  0]LogWindows:    3. 'NVIDIA GeForce GTX 1060' (P:0 D:0)
[2018.11.30-21.56.57:515][  0]LogWindows:    4. 'NVIDIA GeForce GTX 1060' (P:0 D:0)
[2018.11.30-21.56.57:515][  0]LogWindows:    5. 'NVIDIA GeForce GTX 1060' (P:0 D:0)
[2018.11.30-21.56.57:515][  0]LogWindows:    6. 'NVIDIA GeForce GTX 1060' (P:0 D:0)
[2018.11.30-21.56.57:516][  0]LogWindows: DebugString: PrimaryIsNotTheChoosenAdapter PrimaryIsNotTheChoosenAdapter PrimaryIsNotTheChoosenAdapter FoundDriverCount:4 
[2018.11.30-21.56.57:516][  0]LogD3D11RHI:     Adapter Name: NVIDIA GeForce GTX 1060
[2018.11.30-21.56.57:517][  0]LogD3D11RHI:   Driver Version: 399.01 (internal:24.21.13.9901, unified:399.01)
[2018.11.30-21.56.57:517][  0]LogD3D11RHI:      Driver Date: 8-13-2018
[2018.11.30-21.56.57:517][  0]LogRHI: Texture pool is 4236 MB (70% of 6052 MB)
[2018.11.30-21.56.57:574][  0]LogD3D11RHI: Async texture creation enabled
[2018.11.30-21.56.57:815][  0]LogD3D11RHI: GPU Timing Frequency: 1000.000000 (Debug: 2 2)
[2018.11.30-21.56.58:537][  0]LogTemp: Display: Loaded TP AllDesktopTargetPlatform
[2018.11.30-21.56.58:562][  0]LogTemp: Display: Loaded TP MacClientTargetPlatform
[2018.11.30-21.56.58:582][  0]LogTemp: Display: Loaded TP MacNoEditorTargetPlatform
[2018.11.30-21.56.58:597][  0]LogTemp: Display: Loaded TP MacServerTargetPlatform
[2018.11.30-21.56.58:625][  0]LogTemp: Display: Loaded TP MacTargetPlatform
[2018.11.30-21.56.58:652][  0]LogTemp: Display: Loaded TP WindowsClientTargetPlatform
[2018.11.30-21.56.58:668][  0]LogTemp: Display: Loaded TP WindowsNoEditorTargetPlatform
[2018.11.30-21.56.58:684][  0]LogTemp: Display: Loaded TP WindowsServerTargetPlatform
[2018.11.30-21.56.58:720][  0]LogTemp: Display: Loaded TP WindowsTargetPlatform
[2018.11.30-21.56.58:812][  0]LogTemp: Display: Loaded TP AndroidTargetPlatform
[2018.11.30-21.56.58:812][  0]LogTemp: Display: Loaded TP AndroidTargetPlatform
[2018.11.30-21.56.58:812][  0]LogTemp: Display: Loaded TP AndroidTargetPlatform
[2018.11.30-21.56.58:812][  0]LogTemp: Display: Loaded TP AndroidTargetPlatform
[2018.11.30-21.56.58:812][  0]LogTemp: Display: Loaded TP AndroidTargetPlatform
[2018.11.30-21.56.58:812][  0]LogTemp: Display: Loaded TP AndroidTargetPlatform
[2018.11.30-21.56.58:812][  0]LogTemp: Display: Loaded TP AndroidTargetPlatform
[2018.11.30-21.56.58:812][  0]LogTemp: Display: Loaded TP AndroidTargetPlatform
[2018.11.30-21.56.58:812][  0]LogTemp: Display: Loaded TP AndroidTargetPlatform
[2018.11.30-21.56.58:812][  0]LogTemp: Display: Loaded TP AndroidTargetPlatform
[2018.11.30-21.56.58:813][  0]LogTemp: Display: Loaded TP AndroidTargetPlatform
[2018.11.30-21.56.58:813][  0]LogTemp: Display: Loaded TP AndroidTargetPlatform
[2018.11.30-21.56.58:813][  0]LogTemp: Display: Loaded TP AndroidTargetPlatform
[2018.11.30-21.56.58:813][  0]LogTemp: Display: Loaded TP AndroidTargetPlatform
[2018.11.30-21.56.58:813][  0]LogTemp: Display: Loaded TP AndroidTargetPlatform
[2018.11.30-21.56.58:813][  0]LogTemp: Display: Loaded TP AndroidTargetPlatform
[2018.11.30-21.56.58:813][  0]LogTemp: Display: Loaded TP AndroidTargetPlatform
[2018.11.30-21.56.58:813][  0]LogTemp: Display: Loaded TP AndroidTargetPlatform
[2018.11.30-21.56.58:835][  0]LogTemp: Display: Loaded TP HTML5TargetPlatform
[2018.11.30-21.56.58:938][  0]LogTemp: Display: Loaded TP IOSTargetPlatform
[2018.11.30-21.56.58:938][  0]LogTemp: Display: Loaded TP IOSTargetPlatform
[2018.11.30-21.56.58:974][  0]LogTemp: Display: Loaded TP TVOSTargetPlatform
[2018.11.30-21.56.58:974][  0]LogTemp: Display: Loaded TP TVOSTargetPlatform
[2018.11.30-21.56.58:993][  0]LogTemp: Display: Loaded TP LinuxClientTargetPlatform
[2018.11.30-21.56.59:016][  0]LogTemp: Display: Loaded TP LinuxNoEditorTargetPlatform
[2018.11.30-21.56.59:040][  0]LogTemp: Display: Loaded TP LinuxServerTargetPlatform
[2018.11.30-21.56.59:066][  0]LogTemp: Display: Loaded TP LinuxTargetPlatform
[2018.11.30-21.56.59:130][  0]LogTemp: Display: Loaded TP LuminTargetPlatform
[2018.11.30-21.56.59:130][  0]LogTemp: Display: Loaded TP LuminTargetPlatform
[2018.11.30-21.56.59:130][  0]LogTargetPlatformManager: Display: Building Assets For Windows
[2018.11.30-21.56.59:588][  0]LogShaderCompilers: Guid format shader working directory is 30 characters bigger than the processId version (../../../../../vr/Intermediate/Shaders/WorkingDirectory/16680/).
[2018.11.30-21.56.59:589][  0]LogShaderCompilers: Cleaned the shader compiler working directory 'C:/Users/saxhack/AppData/Local/Temp/UnrealShaderWorkingDir/5FC8989D42ABCD98770941908154EAE6/'.
[2018.11.30-21.56.59:601][  0]LogXGEController: Cleaning working directory: C:/Users/saxhack/AppData/Local/Temp/UnrealXGEWorkingDir/
[2018.11.30-21.56.59:602][  0]LogXGEController: Cannot use XGE Controller as Incredibuild is not installed on this machine.
[2018.11.30-21.56.59:602][  0]LogShaderCompilers: Cannot use XGE Shader Compiler as Incredibuild is not installed on this machine.
[2018.11.30-21.56.59:602][  0]LogShaderCompilers: Display: Using Local Shader Compiler.
[2018.11.30-21.57.01:166][  0]LogDerivedDataCache: Display: Max Cache Size: 512 MB
[2018.11.30-21.57.01:377][  0]LogDerivedDataCache: Loaded boot cache 0.21s 71MB C:/Users/saxhack/AppData/Local/UnrealEngine/4.21/DerivedDataCache/Boot.ddc.
[2018.11.30-21.57.01:378][  0]LogDerivedDataCache: Display: Loaded Boot cache: C:/Users/saxhack/AppData/Local/UnrealEngine/4.21/DerivedDataCache/Boot.ddc
[2018.11.30-21.57.01:378][  0]LogDerivedDataCache: FDerivedDataBackendGraph:  Pak pak cache file ../../../../../vr/DerivedDataCache/DDC.ddp not found, will not use a pak cache.
[2018.11.30-21.57.01:378][  0]LogDerivedDataCache: Unable to find inner node Pak for hierarchical cache Hierarchy.
[2018.11.30-21.57.01:378][  0]LogDerivedDataCache: FDerivedDataBackendGraph:  CompressedPak pak cache file ../../../../../vr/DerivedDataCache/Compressed.ddp not found, will not use a pak cache.
[2018.11.30-21.57.01:378][  0]LogDerivedDataCache: Unable to find inner node CompressedPak for hierarchical cache Hierarchy.
[2018.11.30-21.57.01:417][  0]LogDerivedDataCache: Display: Pak cache opened for reading ../../../Engine/DerivedDataCache/Compressed.ddp.
[2018.11.30-21.57.01:440][  0]LogDerivedDataCache: Display: Pak cache opened for reading ../../../Enterprise/DerivedDataCache/Compressed.ddp.
[2018.11.30-21.57.01:453][  0]LogDerivedDataCache: Using Local data cache path C:/Users/saxhack/AppData/Local/UnrealEngine/Common/DerivedDataCache: Writable
[2018.11.30-21.57.01:453][  0]LogDerivedDataCache: Shared data cache path not found in *engine.ini, will not use an Shared cache.
[2018.11.30-21.57.01:453][  0]LogDerivedDataCache: Unable to find inner node Shared for hierarchical cache Hierarchy.
[2018.11.30-21.57.01:522][  0]LogMaterial: Verifying Global Shaders for PCD3D_SM5
[2018.11.30-21.57.01:591][  0]LogSlate: Using FreeType 2.6.0
[2018.11.30-21.57.01:719][  0]LogSlate: SlateFontServices - WITH_FREETYPE: 1, WITH_HARFBUZZ: 1
[2018.11.30-21.57.02:282][  0]LogAssetRegistry: FAssetRegistry took 0.0365 seconds to start up
[2018.11.30-21.57.04:556][  0]LogInit: Selected Device Profile: [Windows]
[2018.11.30-21.57.05:596][  0]LogSimplygon: Simplygon DLL not present - disabling.
[2018.11.30-21.57.05:755][  0]LogMeshReduction: Using SimplygonSwarm for distributed automatic mesh merging
[2018.11.30-21.57.05:755][  0]LogMeshReduction: Using ProxyLODMeshReduction for automatic mesh merging
[2018.11.30-21.57.05:774][  0]LogMeshReduction: Using QuadricMeshReduction for automatic static mesh reduction
[2018.11.30-21.57.05:774][  0]LogMeshReduction: No automatic skeletal mesh reduction module available
[2018.11.30-21.57.06:102][  0]LogNetVersion: vr 1.0.0, NetCL: 4541578, EngineNetVer: 5, GameNetVer: 0 (Checksum: 2004621220)
[2018.11.30-21.57.09:354][  0]LogPackageLocalizationCache: Processed 14 localized package path(s) for 2 prioritized culture(s) in 0.168673 seconds
[2018.11.30-21.57.09:373][  0]LogUObjectArray: 39775 objects as part of root set at end of initial load.
[2018.11.30-21.57.09:373][  0]LogUObjectAllocator: 6914656 out of 0 bytes used by permanent object pool.
[2018.11.30-21.57.09:373][  0]LogUObjectArray: CloseDisregardForGC: 0/0 objects in disregard for GC pool
[2018.11.30-21.57.16:342][  0]LogTcpMessaging: Initializing TcpMessaging bridge
[2018.11.30-21.57.16:373][  0]LogUdpMessaging: Initializing bridge on interface 0.0.0.0:0 to multicast group 230.0.0.1:6666.
[2018.11.30-21.57.18:050][  0]SourceControl: Source control is disabled
[2018.11.30-21.57.18:051][  0]SourceControl: Source control is disabled
[2018.11.30-21.57.18:137][  0]SourceControl: Source control is disabled
[2018.11.30-21.57.18:157][  0]SourceControl: Source control is disabled
[2018.11.30-21.57.19:111][  0]LogAndroidPermission: UAndroidPermissionCallbackProxy::GetInstance
[2018.11.30-21.57.19:301][  0]LogOcInput: OculusInput pre-init called
[2018.11.30-21.57.23:096][  0]LogEngine: Initializing Engine...
[2018.11.30-21.57.23:114][  0]LogHMD: Failed to initialize OpenVR with code 100
[2018.11.30-21.57.23:127][  0]LogStats: UGameplayTagsManager::ConstructGameplayTagTree: ImportINI prefixes -  0.000 s
[2018.11.30-21.57.23:127][  0]LogStats: UGameplayTagsManager::ConstructGameplayTagTree: Construct from data asset -  0.000 s
[2018.11.30-21.57.23:127][  0]LogStats: UGameplayTagsManager::ConstructGameplayTagTree: ImportINI -  0.000 s
[2018.11.30-21.57.23:127][  0]LogStats: UGameplayTagsManager::ConstructGameplayTagTree: GameplayTagTreeChangedEvent.Broadcast -  0.000 s
[2018.11.30-21.57.23:766][  0]LogInit: Initializing FReadOnlyCVARCache
[2018.11.30-21.57.24:098][  0]LogAIModule: Creating AISystem for world Untitled
[2018.11.30-21.57.24:241][  0]LogInit: XAudio2 using 'Speakers (Realtek High Definition Audio)' : 2 channels at 48 kHz using 32 bits per sample (channel mask 0x3)
[2018.11.30-21.57.24:428][  0]LogInit: FAudioDevice initialized.
[2018.11.30-21.57.24:428][  0]LogNetVersion: Set ProjectVersion to 1.0.0.0. Version Checksum will be recalculated on next use.
[2018.11.30-21.57.24:514][  0]LogDerivedDataCache: Saved boot cache 0.09s 71MB C:/Users/saxhack/AppData/Local/UnrealEngine/4.21/DerivedDataCache/Boot.ddc.
[2018.11.30-21.57.24:538][  0]LogInit: Texture streaming: Enabled
[2018.11.30-21.57.24:617][  0]LogEngineSessionManager: EngineSessionManager initialized
[2018.11.30-21.57.24:755][  0]LogInit: Transaction tracking system initialized
[2018.11.30-21.57.25:033][  0]BlueprintLog: New page: Editor Load
[2018.11.30-21.57.25:837][  0]LocalizationService: Localization service is disabled
[2018.11.30-21.57.28:663][  0]LogFileCache: Scanning file cache for directory 'D:/vr/Content/' took 0.02s
[2018.11.30-21.57.28:663][  0]LogCook: Display: Max memory allowance for cook 16384mb min free memory 0mb
[2018.11.30-21.57.28:663][  0]LogCook: Display: Mobile HDR setting 1
[2018.11.30-21.57.28:663][  0]LogGameplayTags: Display: UGameplayTagsManager::DoneAddingNativeTags. DelegateIsBound: 0
[2018.11.30-21.57.28:663][  0]LogStats: UGameplayTagsManager::ConstructGameplayTagTree: ImportINI prefixes -  0.000 s
[2018.11.30-21.57.28:663][  0]LogStats: UGameplayTagsManager::ConstructGameplayTagTree: Construct from data asset -  0.000 s
[2018.11.30-21.57.28:663][  0]LogStats: UGameplayTagsManager::ConstructGameplayTagTree: ImportINI -  0.000 s
[2018.11.30-21.57.28:663][  0]LogStats: UGameplayTagsManager::ConstructGameplayTagTree: GameplayTagTreeChangedEvent.Broadcast -  0.000 s
[2018.11.30-21.57.31:818][  0]SourceControl: Source control is disabled
[2018.11.30-21.57.31:845][  0]Cmd: MAP LOAD FILE="../../../../../vr/Content/ThirdPersonBP/Maps/ThirdPersonExampleMap.umap" TEMPLATE=0 SHOWPROGRESS=1 FEATURELEVEL=3
[2018.11.30-21.57.31:852][  0]LightingResults: New page: Lighting Build
[2018.11.30-21.57.31:992][  0]MapCheck: New page: Map Check
[2018.11.30-21.57.31:992][  0]LightingResults: New page: Lighting Build
[2018.11.30-21.57.35:006][  0]LogAIModule: Creating AISystem for world ThirdPersonExampleMap
[2018.11.30-21.57.35:520][  0]LogEditorServer: Finished looking for orphan Actors (0.000 secs)
[2018.11.30-21.57.35:650][  0]Cmd: MAP CHECKDEP NOCLEARLOG
[2018.11.30-21.57.35:651][  0]MapCheck: Map check complete: 0 Error(s), 0 Warning(s), took 0.202ms to complete.
[2018.11.30-21.57.35:651][  0]LogFileHelpers: Loading map 'ThirdPersonExampleMap' took 3.825
[2018.11.30-21.57.36:558][  0]LogSlate: Updating window title bar state: overlay mode, drag disabled, window buttons hidden, title bar hidden
[2018.11.30-21.57.36:567][  0]LogSlate: Updating window title bar state: overlay mode, drag disabled, window buttons hidden, title bar hidden
[2018.11.30-21.57.36:575][  0]LogSlate: Updating window title bar state: overlay mode, drag disabled, window buttons hidden, title bar hidden
[2018.11.30-21.57.36:582][  0]LogSlate: Updating window title bar state: overlay mode, drag disabled, window buttons hidden, title bar hidden
[2018.11.30-21.57.36:657][  0]LogCollectionManager: Loaded 0 collections in 0.001496 seconds
[2018.11.30-21.57.36:753][  0]LogFileCache: Scanning file cache for directory 'D:/vr/Saved/Collections/' took 0.01s
[2018.11.30-21.57.36:753][  0]LogFileCache: Scanning file cache for directory 'D:/vr/Content/Developers/saxhack/Collections/' took 0.01s
[2018.11.30-21.57.36:753][  0]LogFileCache: Scanning file cache for directory 'D:/vr/Content/Collections/' took 0.01s
[2018.11.30-21.57.36:753][  0]LogCollectionManager: Rebuilt the GUID cache for 0 collections in 0.000000 seconds
[2018.11.30-21.57.36:768][  0]LogContentBrowser: Native class hierarchy populated in 0.0107 seconds. Added 2709 classes and 653 folders.
[2018.11.30-21.57.36:829][  0]LogContentBrowser: Native class hierarchy updated for 'WidgetCarousel' in 0.0004 seconds. Added 0 classes and 0 folders.
[2018.11.30-21.57.36:901][  0]LogPakFile: Registered encryption key '00000000000000000000000000000000': 0 pak files mounted, 0 remain pending
[2018.11.30-21.57.36:916][  0]LogPakFile: Registered encryption key '00000000000000000000000000000000': 0 pak files mounted, 0 remain pending
[2018.11.30-21.57.36:919][  0]LogPakFile: Registered encryption key '00000000000000000000000000000000': 0 pak files mounted, 0 remain pending
[2018.11.30-21.57.36:939][  0]LogPakFile: Registered encryption key '00000000000000000000000000000000': 0 pak files mounted, 0 remain pending
[2018.11.30-21.57.36:942][  0]LogPakFile: Registered encryption key '00000000000000000000000000000000': 0 pak files mounted, 0 remain pending
[2018.11.30-21.57.36:963][  0]LogPakFile: Registered encryption key '00000000000000000000000000000000': 0 pak files mounted, 0 remain pending
[2018.11.30-21.57.36:966][  0]LogPakFile: Registered encryption key '00000000000000000000000000000000': 0 pak files mounted, 0 remain pending
[2018.11.30-21.57.36:969][  0]LogPakFile: Registered encryption key '00000000000000000000000000000000': 0 pak files mounted, 0 remain pending
[2018.11.30-21.57.36:977][  0]LogPakFile: Registered encryption key '00000000000000000000000000000000': 0 pak files mounted, 0 remain pending
[2018.11.30-21.57.36:980][  0]LogPakFile: Registered encryption key '00000000000000000000000000000000': 0 pak files mounted, 0 remain pending
[2018.11.30-21.57.36:983][  0]LogPakFile: Registered encryption key '00000000000000000000000000000000': 0 pak files mounted, 0 remain pending
[2018.11.30-21.57.36:985][  0]LogPakFile: Registered encryption key '00000000000000000000000000000000': 0 pak files mounted, 0 remain pending
[2018.11.30-21.57.36:988][  0]LogPakFile: Registered encryption key '00000000000000000000000000000000': 0 pak files mounted, 0 remain pending
[2018.11.30-21.57.36:998][  0]LogPakFile: Registered encryption key '00000000000000000000000000000000': 0 pak files mounted, 0 remain pending
[2018.11.30-21.57.37:001][  0]LogPakFile: Registered encryption key '00000000000000000000000000000000': 0 pak files mounted, 0 remain pending
[2018.11.30-21.57.37:003][  0]LogPakFile: Registered encryption key '00000000000000000000000000000000': 0 pak files mounted, 0 remain pending
[2018.11.30-21.57.37:005][  0]LogPakFile: Registered encryption key '00000000000000000000000000000000': 0 pak files mounted, 0 remain pending
[2018.11.30-21.57.37:013][  0]LogPakFile: Registered encryption key '00000000000000000000000000000000': 0 pak files mounted, 0 remain pending
[2018.11.30-21.57.37:015][  0]LogPakFile: Registered encryption key '00000000000000000000000000000000': 0 pak files mounted, 0 remain pending
[2018.11.30-21.57.37:017][  0]LogPakFile: Registered encryption key '00000000000000000000000000000000': 0 pak files mounted, 0 remain pending
[2018.11.30-21.57.37:020][  0]LogPakFile: Registered encryption key '00000000000000000000000000000000': 0 pak files mounted, 0 remain pending
[2018.11.30-21.57.37:027][  0]LogPakFile: Registered encryption key '00000000000000000000000000000000': 0 pak files mounted, 0 remain pending
[2018.11.30-21.57.37:034][  0]LogPakFile: Registered encryption key '00000000000000000000000000000000': 0 pak files mounted, 0 remain pending
[2018.11.30-21.57.37:045][  0]LogPakFile: Registered encryption key '00000000000000000000000000000000': 0 pak files mounted, 0 remain pending
[2018.11.30-21.57.37:048][  0]LogPakFile: Registered encryption key '00000000000000000000000000000000': 0 pak files mounted, 0 remain pending
[2018.11.30-21.57.37:050][  0]LogPakFile: Registered encryption key '00000000000000000000000000000000': 0 pak files mounted, 0 remain pending
[2018.11.30-21.57.37:053][  0]LogPakFile: Registered encryption key '00000000000000000000000000000000': 0 pak files mounted, 0 remain pending
[2018.11.30-21.57.37:070][  0]LogPakFile: Registered encryption key '00000000000000000000000000000000': 0 pak files mounted, 0 remain pending
[2018.11.30-21.57.37:558][  0]LogContentBrowser: Native class hierarchy updated for 'AddContentDialog' in 0.0005 seconds. Added 0 classes and 0 folders.
[2018.11.30-21.57.37:643][  0]LogContentBrowser: Native class hierarchy updated for 'SceneOutliner' in 0.0003 seconds. Added 1 classes and 2 folders.
[2018.11.30-21.57.40:390][  0]LogSlate: Only BGRA pngs, bmps or icos are supported in by External Image Picker
[2018.11.30-21.57.40:491][  0]LogTemp: Executing iPhonePackager certificates Engine -bundlename com.YourCompany.vr
[2018.11.30-21.57.40:491][  0]LogTemp: CWD: D:\ue4\UE_4.21\Engine\Binaries\DotNET\IOS
[2018.11.30-21.57.40:491][  0]LogTemp: Initial Dir: D:\ue4\UE_4.21
[2018.11.30-21.57.40:491][  0]LogTemp: Env CWD: D:\ue4\UE_4.21\Engine\Binaries\DotNET\IOS
[2018.11.30-21.57.40:491][  0]LogTemp: BranchPath = MSI/D/ue4/UE_4.21/Engine/Binaries --- GameBranchPath = MSI/D/ue4/UE_4.21/Engine/Binaries
[2018.11.30-21.57.40:491][  0]LogTemp: CERTIFICATE-Name:iPhone Developer: Jose Ramos (M45869NLT9),Validity:VALID,StartDate:2018-10-02T18:19:05.0000000Z,EndDate:2019-10-02T18:19:05.0000000Z
[2018.11.30-21.57.40:491][  0]LogTemp:   Looking for a certificate that matches the application identifier '5QXZWJ9JC8.com.underDev.*'
[2018.11.30-21.57.40:491][  0]LogTemp:   .. Provision entry SN '30BCC536502112F9' matched 1 installed certificate(s)
[2018.11.30-21.57.40:491][  0]LogTemp:   .. .. Installed certificate 'iPhone Developer: Jose Ramos (M45869NLT9)' is valid (choosing it) (range '10/2/2018 2:19:05 PM' to '10/2/2019 2:19:05 PM')
[2018.11.30-21.57.40:491][  0]LogTemp: PROVISION-File:AR21.mobileprovision,Name:ARIOS,Validity:NO_MATCH,StartDate:11/2/2018 1:19:51 PM,EndDate:11/2/2019 1:19:51 PM,Type:DEVELOPMENT
[2018.11.30-21.57.40:491][  0]LogTemp:   Looking for a certificate that matches the application identifier '5QXZWJ9JC8.com.underDev.*'
[2018.11.30-21.57.40:492][  0]LogTemp:   .. Provision entry SN '30BCC536502112F9' matched 1 installed certificate(s)
[2018.11.30-21.57.40:492][  0]LogTemp:   .. .. Installed certificate 'iPhone Developer: Jose Ramos (M45869NLT9)' is valid (choosing it) (range '10/2/2018 2:19:05 PM' to '10/2/2019 2:19:05 PM')
[2018.11.30-21.57.40:492][  0]LogTemp: PROVISION-File:ARIOS (1).mobileprovision,Name:ARIOS,Validity:NO_MATCH,StartDate:11/5/2018 11:27:18 AM,EndDate:11/5/2019 11:27:18 AM,Type:DEVELOPMENT
[2018.11.30-21.57.40:492][  0]LogTemp:   Looking for a certificate that matches the application identifier '5QXZWJ9JC8.com.underDev.*'
[2018.11.30-21.57.40:492][  0]LogSlate: Took 0.011469 seconds to synchronously load lazily loaded font '../../../Engine/Content/Slate/Fonts/Roboto-Regular.ttf' (155K)
[2018.11.30-21.57.40:512][  0]LogTemp:   .. Provision entry SN '30BCC536502112F9' matched 1 installed certificate(s)
[2018.11.30-21.57.40:512][  0]LogTemp:   .. .. Installed certificate 'iPhone Developer: Jose Ramos (M45869NLT9)' is valid (choosing it) (range '10/2/2018 2:19:05 PM' to '10/2/2019 2:19:05 PM')
[2018.11.30-21.57.40:512][  0]LogTemp: PROVISION-File:ARIOS.mobileprovision,Name:ARIOS,Validity:NO_MATCH,StartDate:11/2/2018 1:19:51 PM,EndDate:11/2/2019 1:19:51 PM,Type:DEVELOPMENT
[2018.11.30-21.57.40:512][  0]LogTemp:   Looking for a certificate that matches the application identifier '5QXZWJ9JC8.com.underDev.*'
[2018.11.30-21.57.40:512][  0]LogTemp:   .. Provision entry SN '30BCC536502112F9' matched 1 installed certificate(s)
[2018.11.30-21.57.40:512][  0]LogTemp:   .. .. Installed certificate 'iPhone Developer: Jose Ramos (M45869NLT9)' is valid (choosing it) (range '10/2/2018 2:19:05 PM' to '10/2/2019 2:19:05 PM')
[2018.11.30-21.57.40:512][  0]LogTemp: PROVISION-File:piano.mobileprovision,Name:ARIOS,Validity:NO_MATCH,StartDate:11/2/2018 1:19:51 PM,EndDate:11/2/2019 1:19:51 PM,Type:DEVELOPMENT
[2018.11.30-21.57.40:513][  0]LogTemp: MATCHED-Provision:,File:,Cert:
[2018.11.30-21.57.40:513][  0]LogSlate: Took 0.007801 seconds to synchronously load lazily loaded font '../../../Engine/Content/Slate/Fonts/Roboto-Bold.ttf' (160K)
[2018.11.30-21.57.40:565][  0]LogSlate: Took 0.013427 seconds to synchronously load lazily loaded font '../../../Engine/Content/Editor/Slate/Fonts/FontAwesome.ttf' (139K)
[2018.11.30-21.57.40:879][  0]LogRenderer: Reallocating scene render targets to support 1036x576 Format 10 NumSamples 1 (Frame:1).
[2018.11.30-21.57.41:347][  0]LogContentBrowser: Native class hierarchy updated for 'HierarchicalLODOutliner' in 0.0004 seconds. Added 0 classes and 0 folders.
[2018.11.30-21.57.41:348][  0]LogLoad: (Engine Initialization) Total time: 59.30 seconds
[2018.11.30-21.57.41:348][  0]LogLoad: (Engine Initialization) Total Blueprint compile time: 0.00 seconds
[2018.11.30-21.57.41:372][  0]LogWindowsTextInputMethodSystem: Display: IME system now deactivated.
[2018.11.30-21.57.41:533][  0]LogContentStreaming: Texture pool size now 1000 MB
[2018.11.30-21.57.41:728][  3]LogAssetRegistry: Asset discovery search completed in 39.4691 seconds
[2018.11.30-21.57.41:729][  3]LogCollectionManager: Rebuilt the object cache for 0 collections in 0.000000 seconds (found 0 objects)
[2018.11.30-21.57.41:729][  3]LogCollectionManager: Fixed up redirectors for 0 collections in 0.000046 seconds (updated 0 objects)
[2018.11.30-21.57.42:945][ 54]LogSlate: Took 0.015272 seconds to synchronously load lazily loaded font '../../../Engine/Content/Slate/Fonts/Roboto-Light.ttf' (167K)
[2018.11.30-21.57.43:887][103]LogSlate: FSceneViewport::OnFocusLost() reason 0
[2018.11.30-21.57.56:647][853]PackagingResults: Error: Software Development Kit (SDK) not found. Please install the SDK for the Linux target platform!
[2018.11.30-21.58.31:852][522]LogSlate: Window 'Message Log' being destroyed
[2018.11.30-21.58.31:859][522]LogSlate: Window 'Message Log' being destroyed
[2018.11.30-21.58.35:174][710]LogSlate: Window 'vr - Unreal Editor' being destroyed
[2018.11.30-21.58.35:175][710]LogWindowsTextInputMethodSystem: Display: IME system now deactivated.
[2018.11.30-21.58.35:477][711]Cmd: QUIT_EDITOR
[2018.11.30-21.58.35:624][711]LogExit: Preparing to exit.
[2018.11.30-21.58.36:659][711]LogExit: Editor shut down
[2018.11.30-21.58.36:659][711]LogExit: Transaction tracking system shut down
[2018.11.30-21.58.37:230][711]LogExit: Object subsystem successfully closed.
[2018.11.30-21.58.37:287][711]LogShaderCompilers: Display: Shaders left to compile 0
[2018.11.30-21.58.37:291][711]LogD3D11RHI: Shutdown
[2018.11.30-21.58.37:291][711]LogD3D11RHI: CleanupD3DDevice
[2018.11.30-21.58.37:297][711]LogD3D11RHI: ~FD3D11DynamicRHI
[2018.11.30-21.58.37:654][711]LogModuleManager: Shutting down and abandoning module HierarchicalLODOutliner (646)
[2018.11.30-21.58.37:654][711]LogModuleManager: Shutting down and abandoning module ExternalImagePicker (644)
[2018.11.30-21.58.37:654][711]LogModuleManager: Shutting down and abandoning module SceneOutliner (642)
[2018.11.30-21.58.37:654][711]LogModuleManager: Shutting down and abandoning module AddContentDialog (640)
[2018.11.30-21.58.37:654][711]LogModuleManager: Shutting down and abandoning module WidgetCarousel (639)
[2018.11.30-21.58.37:654][711]LogModuleManager: Shutting down and abandoning module EditorWidgets (636)
[2018.11.30-21.58.37:654][711]LogModuleManager: Shutting down and abandoning module CollectionManager (634)
[2018.11.30-21.58.37:662][711]LogModuleManager: Shutting down and abandoning module StatsViewer (632)
[2018.11.30-21.58.37:662][711]LogModuleManager: Shutting down and abandoning module FoliageEdit (630)
[2018.11.30-21.58.37:662][711]LogModuleManager: Shutting down and abandoning module LandscapeEditor (628)
[2018.11.30-21.58.37:683][711]LogModuleManager: Shutting down and abandoning module MeshPaintMode (626)
[2018.11.30-21.58.37:683][711]LogModuleManager: Shutting down and abandoning module SceneDepthPickerMode (624)
[2018.11.30-21.58.37:683][711]LogModuleManager: Shutting down and abandoning module ActorPickerMode (622)
[2018.11.30-21.58.37:683][711]LogModuleManager: Shutting down and abandoning module GeometryMode (620)
[2018.11.30-21.58.37:683][711]LogModuleManager: Shutting down and abandoning module TextureAlignMode (618)
[2018.11.30-21.58.37:683][711]LogModuleManager: Shutting down and abandoning module BspMode (616)
[2018.11.30-21.58.37:683][711]LogModuleManager: Shutting down and abandoning module PIEPreviewDeviceProfileSelector (614)
[2018.11.30-21.58.37:683][711]LogModuleManager: Shutting down and abandoning module SequenceRecorderSections (612)
[2018.11.30-21.58.37:683][711]LogModuleManager: Shutting down and abandoning module AutomationWorker (610)
[2018.11.30-21.58.37:683][711]LogModuleManager: Shutting down and abandoning module DatasmithFBXImporter (608)
[2018.11.30-21.58.37:692][711]LogModuleManager: Shutting down and abandoning module DatasmithDeltaGenImporter (606)
[2018.11.30-21.58.37:692][711]LogModuleManager: Shutting down and abandoning module DatasmithVREDImporter (604)
[2018.11.30-21.58.37:692][711]LogModuleManager: Shutting down and abandoning module AudioCaptureEditor (602)
[2018.11.30-21.58.37:692][711]LogModuleManager: Shutting down and abandoning module MatineeToLevelSequence (600)
[2018.11.30-21.58.37:692][711]LogModuleManager: Shutting down and abandoning module LevelSequenceEditor (598)
[2018.11.30-21.58.37:700][711]LogModuleManager: Shutting down and abandoning module PlacementMode (597)
[2018.11.30-21.58.37:700][711]LogModuleManager: Shutting down and abandoning module MaterialEditor (596)
[2018.11.30-21.58.37:718][711]LogModuleManager: Shutting down and abandoning module WmfMediaFactory (592)
[2018.11.30-21.58.37:718][711]LogModuleManager: Shutting down and abandoning module WmfMediaEditor (590)
[2018.11.30-21.58.37:718][711]LogModuleManager: Shutting down and abandoning module WebMMediaFactory (588)
[2018.11.30-21.58.37:718][711]LogModuleManager: Shutting down and abandoning module WebMMediaEditor (586)
[2018.11.30-21.58.37:718][711]LogModuleManager: Shutting down and abandoning module WebMMedia (584)
[2018.11.30-21.58.37:718][711]LogModuleManager: Shutting down and abandoning module MediaPlayerEditor (582)
[2018.11.30-21.58.37:718][711]LogModuleManager: Shutting down and abandoning module MediaCompositingEditor (580)
[2018.11.30-21.58.37:718][711]LogModuleManager: Shutting down and abandoning module SequenceRecorder (579)
[2018.11.30-21.58.37:718][711]LogModuleManager: Shutting down and abandoning module OpenExrWrapper (576)
[2018.11.30-21.58.37:718][711]LogModuleManager: Shutting down and abandoning module ImgMediaFactory (574)
[2018.11.30-21.58.37:718][711]LogModuleManager: Shutting down and abandoning module ImgMediaEditor (572)
[2018.11.30-21.58.37:718][711]LogModuleManager: Shutting down and abandoning module AvfMediaFactory (570)
[2018.11.30-21.58.37:718][711]LogModuleManager: Shutting down and abandoning module AvfMediaEditor (568)
[2018.11.30-21.58.37:718][711]LogModuleManager: Shutting down and abandoning module AndroidMediaFactory (566)
[2018.11.30-21.58.37:718][711]LogModuleManager: Shutting down and abandoning module AndroidMediaEditor (564)
[2018.11.30-21.58.37:718][711]LogModuleManager: Shutting down and abandoning module MagicLeapCameraPreviewFactory (562)
[2018.11.30-21.58.37:718][711]LogModuleManager: Shutting down and abandoning module MagicLeapMediaFactory (560)
[2018.11.30-21.58.37:718][711]LogModuleManager: Shutting down and abandoning module MagicLeapMediaEditor (558)
[2018.11.30-21.58.37:718][711]LogModuleManager: Shutting down and abandoning module CharacterAI (556)
[2018.11.30-21.58.37:718][711]LogModuleManager: Shutting down and abandoning module SmartSnapping (554)
[2018.11.30-21.58.37:718][711]LogModuleManager: Shutting down and abandoning module SessionServices (552)
[2018.11.30-21.58.37:718][711]LogModuleManager: Shutting down and abandoning module ViewportSnapping (550)
[2018.11.30-21.58.37:718][711]LogModuleManager: Shutting down and abandoning module ViewportInteraction (548)
[2018.11.30-21.58.37:730][711]LogModuleManager: Shutting down and abandoning module ClothPainter (546)
[2018.11.30-21.58.37:745][711]LogModuleManager: Shutting down and abandoning module SkeletalMeshEditor (545)
[2018.11.30-21.58.37:756][711]LogModuleManager: Shutting down and abandoning module LogVisualizer (542)
[2018.11.30-21.58.37:766][711]LogModuleManager: Shutting down and abandoning module IntroTutorials (540)
[2018.11.30-21.58.37:766][711]LogModuleManager: Shutting down and abandoning module GameProjectGeneration (539)
[2018.11.30-21.58.37:775][711]LogModuleManager: Shutting down and abandoning module LuminPlatformEditor (536)
[2018.11.30-21.58.37:775][711]LogModuleManager: Shutting down and abandoning module IOSPlatformEditor (534)
[2018.11.30-21.58.37:775][711]LogModuleManager: Shutting down and abandoning module HTML5PlatformEditor (532)
[2018.11.30-21.58.37:775][711]LogModuleManager: Shutting down and abandoning module AndroidPlatformEditor (530)
[2018.11.30-21.58.37:775][711]LogModuleManager: Shutting down and abandoning module AndroidDeviceDetection (529)
[2018.11.30-21.58.38:842][711]LogModuleManager: Shutting down and abandoning module WindowsPlatformEditor (526)
[2018.11.30-21.58.38:842][711]LogModuleManager: Shutting down and abandoning module LuminRuntimeSettings (524)
[2018.11.30-21.58.38:842][711]LogModuleManager: Shutting down and abandoning module IOSRuntimeSettings (522)
[2018.11.30-21.58.38:842][711]LogModuleManager: Shutting down and abandoning module AndroidRuntimeSettings (520)
[2018.11.30-21.58.38:842][711]LogModuleManager: Shutting down and abandoning module TimeManagementEditor (518)
[2018.11.30-21.58.38:842][711]LogModuleManager: Shutting down and abandoning module InputBindingEditor (516)
[2018.11.30-21.58.38:876][711]LogModuleManager: Shutting down and abandoning module MergeActors (514)
[2018.11.30-21.58.38:876][711]LogModuleManager: Shutting down and abandoning module LocalizationDashboard (512)
[2018.11.30-21.58.38:876][711]LogModuleManager: Shutting down and abandoning module LocalizationService (511)
[2018.11.30-21.58.38:876][711]LogModuleManager: Shutting down and abandoning module HardwareTargeting (508)
[2018.11.30-21.58.38:876][711]LogModuleManager: Shutting down and abandoning module DeviceProfileEditor (506)
[2018.11.30-21.58.38:876][711]LogModuleManager: Shutting down and abandoning module UndoHistory (504)
[2018.11.30-21.58.38:876][711]LogModuleManager: Shutting down and abandoning module XmlParser (502)
[2018.11.30-21.58.38:876][711]LogModuleManager: Shutting down and abandoning module Blutility (500)
[2018.11.30-21.58.38:876][711]LogModuleManager: Shutting down and abandoning module ProjectSettingsViewer (498)
[2018.11.30-21.58.38:876][711]LogModuleManager: Shutting down and abandoning module ProjectTargetPlatformEditor (497)
[2018.11.30-21.58.38:877][711]LogModuleManager: Shutting down and abandoning module EditorSettingsViewer (494)
[2018.11.30-21.58.38:877][711]LogModuleManager: Shutting down and abandoning module SettingsEditor (492)
[2018.11.30-21.58.38:877][711]LogModuleManager: Shutting down and abandoning module ProjectLauncher (490)
[2018.11.30-21.58.38:886][711]LogModuleManager: Shutting down and abandoning module SessionFrontend (488)
[2018.11.30-21.58.38:886][711]LogModuleManager: Shutting down and abandoning module ProfilerClient (486)
[2018.11.30-21.58.38:892][711]LogModuleManager: Shutting down and abandoning module DeviceManager (484)
[2018.11.30-21.58.38:892][711]LogModuleManager: Shutting down and abandoning module TargetDeviceServices (483)
[2018.11.30-21.58.38:954][711]LogModuleManager: Shutting down and abandoning module AutomationController (480)
[2018.11.30-21.58.38:954][711]LogModuleManager: Shutting down and abandoning module AutomationWindow (478)
[2018.11.30-21.58.38:964][711]LogModuleManager: Shutting down and abandoning module Layers (476)
[2018.11.30-21.58.38:980][711]LogModuleManager: Shutting down and abandoning module ComponentVisualizers (474)
[2018.11.30-21.58.38:980][711]LogModuleManager: Shutting down and abandoning module DetailCustomizations (472)
[2018.11.30-21.58.38:980][711]LogModuleManager: Shutting down and abandoning module PackagesDialog (470)
[2018.11.30-21.58.38:991][711]LogModuleManager: Shutting down and abandoning module Persona (468)
[2018.11.30-21.58.39:002][711]LogModuleManager: Shutting down and abandoning module AnimGraph (467)
[2018.11.30-21.58.39:002][711]LogModuleManager: Shutting down and abandoning module Kismet (464)
[2018.11.30-21.58.39:012][711]LogModuleManager: Shutting down and abandoning module GraphEditor (462)
[2018.11.30-21.58.39:026][711]LogModuleManager: Shutting down and abandoning module ClassViewer (460)
[2018.11.30-21.58.39:026][711]LogModuleManager: Shutting down and abandoning module Toolbox (458)
[2018.11.30-21.58.39:026][711]LogModuleManager: Shutting down and abandoning module ModuleUI (456)
[2018.11.30-21.58.39:035][711]LogModuleManager: Shutting down and abandoning module MovieSceneTools (454)
[2018.11.30-21.58.39:035][711]LogModuleManager: Shutting down and abandoning module OutputLog (452)
[2018.11.30-21.58.39:035][711]LogModuleManager: Shutting down and abandoning module GammaUI (450)
[2018.11.30-21.58.39:042][711]LogModuleManager: Shutting down and abandoning module Documentation (448)
[2018.11.30-21.58.39:042][711]LogModuleManager: Shutting down and abandoning module MovieSceneTracks (446)
[2018.11.30-21.58.39:042][711]LogModuleManager: Shutting down and abandoning module MovieScene (444)
[2018.11.30-21.58.39:042][711]LogModuleManager: Shutting down and abandoning module StreamingPauseRendering (442)
[2018.11.30-21.58.39:042][711]LogModuleManager: Shutting down and abandoning module LauncherPlatform (440)
[2018.11.30-21.58.39:042][711]LogModuleManager: Shutting down and abandoning module AnalyticsET (438)
[2018.11.30-21.58.39:042][711]LogModuleManager: Shutting down and abandoning module PortalServices (436)
[2018.11.30-21.58.39:042][711]LogModuleManager: Shutting down and abandoning module PortalRpc (434)
[2018.11.30-21.58.39:042][711]LogModuleManager: Shutting down and abandoning module MessagingRpc (432)
[2018.11.30-21.58.39:043][711]LogModuleManager: Shutting down and abandoning module AIModule (430)
[2018.11.30-21.58.39:043][711]LogModuleManager: Shutting down and abandoning module GameplayDebugger (429)
[2018.11.30-21.58.39:043][711]LogModuleManager: Shutting down and abandoning module AITestSuite (427)
[2018.11.30-21.58.39:043][711]LogModuleManager: Shutting down and abandoning module NavigationSystem (425)
[2018.11.30-21.58.39:043][711]LogModuleManager: Shutting down and abandoning module DesktopPlatform (422)
[2018.11.30-21.58.39:043][711]LogModuleManager: Shutting down and abandoning module ImageWriteQueue (420)
[2018.11.30-21.58.39:046][711]LogModuleManager: Shutting down and abandoning module ProfilerService (418)
[2018.11.30-21.58.39:101][711]LogModuleManager: Shutting down and abandoning module TaskGraph (416)
[2018.11.30-21.58.39:101][711]LogModuleManager: Shutting down and abandoning module DatasmithCADImporter (414)
[2018.11.30-21.58.39:102][711]LogModuleManager: Shutting down and abandoning module VariantManager (412)
[2018.11.30-21.58.39:114][711]LogModuleManager: Shutting down and abandoning module StaticMeshEditorExtension (410)
[2018.11.30-21.58.39:114][711]LogModuleManager: Shutting down and abandoning module StaticMeshEditor (409)
[2018.11.30-21.58.39:122][711]LogModuleManager: Shutting down and abandoning module AdvancedPreviewScene (408)
[2018.11.30-21.58.39:122][711]LogModuleManager: Shutting down and abandoning module MeshProcessingLibrary (405)
[2018.11.30-21.58.39:122][711]LogModuleManager: Shutting down and abandoning module MDLImporter (402)
[2018.11.30-21.58.39:135][711]LogModuleManager: Shutting down and abandoning module DatasmithImporter (400)
[2018.11.30-21.58.39:142][711]LogModuleManager: Shutting down and abandoning module SteamVRController (398)
[2018.11.30-21.58.39:142][711]LogModuleManager: Shutting down and abandoning module ProceduralMeshComponentEditor (396)
[2018.11.30-21.58.39:142][711]LogModuleManager: Shutting down and abandoning module ProceduralMeshComponent (394)
[2018.11.30-21.58.39:142][711]LogModuleManager: Shutting down and abandoning module OculusInput (392)
[2018.11.30-21.58.39:142][711]LogModuleManager: Shutting down and abandoning module MobilePatchingUtils (390)
[2018.11.30-21.58.39:142][711]LogModuleManager: Shutting down and abandoning module EditableMesh (388)
[2018.11.30-21.58.39:151][711]LogModuleManager: Shutting down and abandoning module CustomMeshComponent (386)
[2018.11.30-21.58.39:151][711]LogModuleManager: Shutting down and abandoning module CableComponent (384)
[2018.11.30-21.58.39:151][711]LogModuleManager: Shutting down and abandoning module AudioCapture (382)
[2018.11.30-21.58.39:151][711]LogModuleManager: Shutting down and abandoning module ArchVisCharacter (380)
[2018.11.30-21.58.39:151][711]LogModuleManager: Shutting down and abandoning module AndroidPermission (378)
[2018.11.30-21.58.39:151][711]LogModuleManager: Shutting down and abandoning module NUTUnrealEngine4 (376)
[2018.11.30-21.58.39:156][711]LogModuleManager: Shutting down and abandoning module NetcodeUnitTest (374)
[2018.11.30-21.58.39:156][711]LogModuleManager: Shutting down and abandoning module MediaCompositing (372)
[2018.11.30-21.58.39:156][711]LogModuleManager: Shutting down and abandoning module LinearTimecode (370)
[2018.11.30-21.58.39:156][711]LogModuleManager: Shutting down and abandoning module ImgMedia (368)
[2018.11.30-21.58.39:172][711]LogModuleManager: Shutting down and abandoning module HTML5Networking (366)
[2018.11.30-21.58.39:173][711]LogModuleManager: Shutting down and abandoning module GeometryCacheTracks (364)
[2018.11.30-21.58.39:173][711]LogModuleManager: Shutting down and abandoning module GeometryCacheSequencer (362)
[2018.11.30-21.58.39:173][711]LogModuleManager: Shutting down and abandoning module BackChannel (360)
[2018.11.30-21.58.39:173][711]LogModuleManager: Shutting down and abandoning module AppleVision (358)
[2018.11.30-21.58.39:173][711]LogModuleManager: Shutting down and abandoning module AppleImageUtilsBlueprintSupport (356)
[2018.11.30-21.58.39:173][711]LogModuleManager: Shutting down and abandoning module AppleImageUtils (354)
[2018.11.30-21.58.39:173][711]LogModuleManager: Shutting down and abandoning module AlembicImporter (352)
[2018.11.30-21.58.39:173][711]LogModuleManager: Shutting down and abandoning module AlembicLibrary (351)
[2018.11.30-21.58.39:173][711]LogModuleManager: Shutting down and abandoning module GeometryCache (350)
[2018.11.30-21.58.39:173][711]LogModuleManager: Shutting down and abandoning module GeometryCacheEd (349)
[2018.11.30-21.58.39:173][711]LogModuleManager: Shutting down and abandoning module VariantManagerContent (344)
[2018.11.30-21.58.39:173][711]LogModuleManager: Shutting down and abandoning module DatasmithContentEditor (342)
[2018.11.30-21.58.39:173][711]LogModuleManager: Shutting down and abandoning module SpeedTreeImporter (340)
[2018.11.30-21.58.39:173][711]LogModuleManager: Shutting down and abandoning module PluginBrowser (338)
[2018.11.30-21.58.39:183][711]LogModuleManager: Shutting down and abandoning module MobileLauncherProfileWizard (336)
[2018.11.30-21.58.39:194][711]LogModuleManager: Shutting down and abandoning module PolygonModeling (334)
[2018.11.30-21.58.39:194][711]LogModuleManager: Shutting down and abandoning module MeshEditor (332)
[2018.11.30-21.58.39:194][711]LogModuleManager: Shutting down and abandoning module EditorScriptingUtilities (330)
[2018.11.30-21.58.39:194][711]LogModuleManager: Shutting down and abandoning module CryptoKeysOpenSSL (328)
[2018.11.30-21.58.39:194][711]LogModuleManager: Shutting down and abandoning module CryptoKeys (326)
[2018.11.30-21.58.39:194][711]LogModuleManager: Shutting down and abandoning module VisualStudioSourceCodeAccess (324)
[2018.11.30-21.58.39:194][711]LogModuleManager: Shutting down and abandoning module VisualStudioCodeSourceCodeAccess (322)
[2018.11.30-21.58.39:194][711]LogModuleManager: Shutting down and abandoning module UObjectPlugin (320)
[2018.11.30-21.58.39:194][711]LogModuleManager: Shutting down and abandoning module SubversionSourceControl (318)
[2018.11.30-21.58.39:194][711]LogModuleManager: Shutting down and abandoning module PerforceSourceControl (316)
[2018.11.30-21.58.39:201][711]LogModuleManager: Shutting down and abandoning module GitSourceControl (314)
[2018.11.30-21.58.39:201][711]LogModuleManager: Shutting down and abandoning module SourceControl (313)
[2018.11.30-21.58.39:201][711]LogModuleManager: Shutting down and abandoning module CLionSourceCodeAccess (310)
[2018.11.30-21.58.39:201][711]LogModuleManager: Shutting down and abandoning module ActorLayerUtilitiesEditor (308)
[2018.11.30-21.58.39:201][711]LogModuleManager: Shutting down and abandoning module ActorLayerUtilities (306)
[2018.11.30-21.58.39:201][711]LogModuleManager: Shutting down and abandoning module LightPropagationVolumeEditor (304)
[2018.11.30-21.58.39:201][711]LogModuleManager: Shutting down and abandoning module PaperTiledImporter (302)
[2018.11.30-21.58.39:201][711]LogModuleManager: Shutting down and abandoning module PaperSpriteSheetImporter (300)
[2018.11.30-21.58.39:201][711]LogModuleManager: Shutting down and abandoning module Paper2DEditor (298)
[2018.11.30-21.58.39:222][711]LogModuleManager: Shutting down and abandoning module MeshPaint (297)
[2018.11.30-21.58.39:222][711]LogModuleManager: Shutting down and abandoning module RuntimePhysXCooking (294)
[2018.11.30-21.58.39:222][711]LogModuleManager: Shutting down and abandoning module PhysXVehiclesEditor (292)
[2018.11.30-21.58.39:222][711]LogModuleManager: Shutting down and abandoning module PhysXVehicles (290)
[2018.11.30-21.58.39:222][711]LogModuleManager: Shutting down and abandoning module OculusEditor (288)
[2018.11.30-21.58.39:222][711]LogModuleManager: Shutting down and abandoning module LocationServicesBPLibrary (286)
[2018.11.30-21.58.39:222][711]LogModuleManager: Shutting down and abandoning module ActorSequence (284)
[2018.11.30-21.58.39:222][711]LogModuleManager: Shutting down and abandoning module UdpMessaging (282)
[2018.11.30-21.58.39:323][711]LogModuleManager: Shutting down and abandoning module TcpMessaging (280)
[2018.11.30-21.58.39:423][711]LogModuleManager: Shutting down and abandoning module MagicLeapAudio (278)
[2018.11.30-21.58.39:423][711]LogModuleManager: Shutting down and abandoning module GameplayTagsEditor (276)
[2018.11.30-21.58.39:423][711]LogModuleManager: Shutting down and abandoning module FacialAnimationEditor (274)
[2018.11.30-21.58.39:423][711]LogModuleManager: Shutting down and abandoning module FacialAnimation (272)
[2018.11.30-21.58.39:423][711]LogModuleManager: Shutting down and abandoning module DataValidation (270)
[2018.11.30-21.58.39:423][711]LogModuleManager: Shutting down and abandoning module AssetManagerEditor (268)
[2018.11.30-21.58.39:447][711]LogModuleManager: Shutting down and abandoning module LevelEditor (267)
[2018.11.30-21.58.39:448][711]LogModuleManager: Shutting down and abandoning module PixelInspectorModule (266)
[2018.11.30-21.58.39:448][711]LogModuleManager: Shutting down and abandoning module CommonMenuExtensions (264)
[2018.11.30-21.58.39:448][711]LogModuleManager: Shutting down and abandoning module MainFrame (262)
[2018.11.30-21.58.39:448][711]LogModuleManager: Shutting down and abandoning module HotReload (261)
[2018.11.30-21.58.39:448][711]LogModuleManager: Shutting down and abandoning module ContentBrowser (257)
[2018.11.30-21.58.39:449][711]LogModuleManager: Shutting down and abandoning module TreeMap (255)
[2018.11.30-21.58.39:449][711]LogModuleManager: Shutting down and abandoning module LightPropagationVolumeRuntime (252)
[2018.11.30-21.58.39:449][711]LogModuleManager: Shutting down and abandoning module AISupportModule (250)
[2018.11.30-21.58.39:449][711]LogModuleManager: Shutting down and abandoning module Paper2D (248)
[2018.11.30-21.58.39:449][711]LogModuleManager: Shutting down and abandoning module WindowsMoviePlayer (246)
[2018.11.30-21.58.39:449][711]LogModuleManager: Shutting down and abandoning module WebMMoviePlayer (244)
[2018.11.30-21.58.39:449][711]LogModuleManager: Shutting down and abandoning module WmfMedia (242)
[2018.11.30-21.58.39:456][711]LogModuleManager: Shutting down and abandoning module Media (241)
[2018.11.30-21.58.39:463][711]LogModuleManager: Shutting down and abandoning module PacketHandler (238)
[2018.11.30-21.58.39:463][711]LogModuleManager: Shutting down and abandoning module ClothingSystemEditor (236)
[2018.11.30-21.58.39:464][711]LogModuleManager: Shutting down and abandoning module ClothingSystemRuntime (234)
[2018.11.30-21.58.39:478][711]LogModuleManager: Shutting down and abandoning module MediaAssets (232)
[2018.11.30-21.58.39:478][711]LogModuleManager: Shutting down and abandoning module Overlay (230)
[2018.11.30-21.58.39:478][711]LogModuleManager: Shutting down and abandoning module OverlayEditor (229)
[2018.11.30-21.58.39:478][711]LogModuleManager: Shutting down and abandoning module VREditor (226)
[2018.11.30-21.58.39:478][711]LogModuleManager: Shutting down and abandoning module StringTableEditor (224)
[2018.11.30-21.58.39:489][711]LogModuleManager: Shutting down and abandoning module GameplayTasksEditor (222)
[2018.11.30-21.58.39:489][711]LogModuleManager: Shutting down and abandoning module BehaviorTreeEditor (220)
[2018.11.30-21.58.39:492][711]LogModuleManager: Shutting down and abandoning module FunctionalTesting (218)
[2018.11.30-21.58.39:492][711]LogModuleManager: Shutting down and abandoning module CollisionAnalyzer (216)
[2018.11.30-21.58.39:492][711]LogModuleManager: Shutting down and abandoning module WorkspaceMenuStructure (215)
[2018.11.30-21.58.39:492][711]LogModuleManager: Shutting down and abandoning module UMG (212)
[2018.11.30-21.58.39:499][711]LogModuleManager: Shutting down and abandoning module UMGEditor (211)
[2018.11.30-21.58.39:499][711]LogModuleManager: Shutting down and abandoning module Sequencer (210)
[2018.11.30-21.58.39:511][711]LogModuleManager: Shutting down and abandoning module MessageLog (207)
[2018.11.30-21.58.39:511][711]LogModuleManager: Shutting down and abandoning module SlateReflector (202)
[2018.11.30-21.58.39:526][711]LogModuleManager: Shutting down and abandoning module Slate (200)
[2018.11.30-21.58.39:526][711]LogModuleManager: Shutting down and abandoning module EditorStyle (198)
[2018.11.30-21.58.39:527][711]LogModuleManager: Shutting down and abandoning module MRMesh (196)
[2018.11.30-21.58.39:527][711]LogModuleManager: Shutting down and abandoning module SourceCodeAccess (194)
[2018.11.30-21.58.39:528][711]LogModuleManager: Shutting down and abandoning module HeadMountedDisplay (192)
[2018.11.30-21.58.39:528][711]LogModuleManager: Shutting down and abandoning module XAudio2 (190)
[2018.11.30-21.58.39:528][711]LogModuleManager: Shutting down and abandoning module Networking (188)
[2018.11.30-21.58.39:528][711]LogModuleManager: Shutting down and abandoning module Core (186)
[2018.11.30-21.58.39:528][711]LogModuleManager: Shutting down and abandoning module LevelSequence (184)
[2018.11.30-21.58.39:528][711]LogModuleManager: Shutting down and abandoning module KismetCompiler (182)
[2018.11.30-21.58.39:528][711]LogModuleManager: Shutting down and abandoning module MeshUtilities (180)
[2018.11.30-21.58.39:528][711]LogModuleManager: Shutting down and abandoning module MeshMergeUtilities (179)
[2018.11.30-21.58.39:528][711]LogModuleManager: Shutting down and abandoning module MeshReductionInterface (178)
[2018.11.30-21.58.39:528][711]LogModuleManager: Shutting down and abandoning module SimplygonSwarm (177)
[2018.11.30-21.58.39:537][711]LogModuleManager: Shutting down and abandoning module ProxyLODMeshReduction (175)
[2018.11.30-21.58.39:547][711]LogModuleManager: Shutting down and abandoning module SimplygonMeshReduction (173)
[2018.11.30-21.58.39:547][711]LogModuleManager: Shutting down and abandoning module QuadricMeshReduction (171)
[2018.11.30-21.58.39:547][711]LogModuleManager: Shutting down and abandoning module MaterialBaking (167)
[2018.11.30-21.58.39:555][711]LogModuleManager: Shutting down and abandoning module DirectoryWatcher (163)
[2018.11.30-21.58.39:555][711]LogModuleManager: Shutting down and abandoning module DerivedDataCache (160)
[2018.11.30-21.58.40:056][711]LogDerivedDataCache: Shutdown
[2018.11.30-21.58.40:056][711]LogModuleManager: Shutting down and abandoning module XGEController (158)
[2018.11.30-21.58.40:056][711]LogXGEController: Cleaning working directory: C:/Users/saxhack/AppData/Local/Temp/UnrealXGEWorkingDir/
[2018.11.30-21.58.40:056][711]LogModuleManager: Shutting down and abandoning module TargetPlatform (156)
[2018.11.30-21.58.40:056][711]LogModuleManager: Shutting down and abandoning module VulkanShaderFormat (155)
[2018.11.30-21.58.40:056][711]LogModuleManager: Shutting down and abandoning module ShaderFormatVectorVM (153)
[2018.11.30-21.58.40:056][711]LogModuleManager: Shutting down and abandoning module ShaderFormatOpenGL (151)
[2018.11.30-21.58.40:092][711]LogModuleManager: Shutting down and abandoning module ShaderFormatD3D (149)
[2018.11.30-21.58.40:092][711]LogModuleManager: Shutting down and abandoning module MetalShaderFormat (147)
[2018.11.30-21.58.40:102][711]LogModuleManager: Shutting down and abandoning module TextureFormatUncompressed (145)
[2018.11.30-21.58.40:102][711]LogModuleManager: Shutting down and abandoning module TextureFormatPVR (143)
[2018.11.30-21.58.40:102][711]LogModuleManager: Shutting down and abandoning module TextureFormatDXT (141)
[2018.11.30-21.58.40:102][711]LogModuleManager: Shutting down and abandoning module TextureFormatIntelISPCTexComp (139)
[2018.11.30-21.58.40:103][711]LogModuleManager: Shutting down and abandoning module TextureFormatASTC (137)
[2018.11.30-21.58.40:103][711]LogModuleManager: Shutting down and abandoning module ImageWrapper (136)
[2018.11.30-21.58.40:103][711]LogModuleManager: Shutting down and abandoning module TextureFormatAndroid (133)
[2018.11.30-21.58.40:103][711]LogModuleManager: Shutting down and abandoning module AudioFormatOpus (131)
[2018.11.30-21.58.40:103][711]LogModuleManager: Shutting down and abandoning module AudioFormatOgg (129)
[2018.11.30-21.58.40:103][711]LogModuleManager: Shutting down and abandoning module AudioFormatADPCM (127)
[2018.11.30-21.58.40:103][711]LogModuleManager: Shutting down and abandoning module LuminTargetPlatform (125)
[2018.11.30-21.58.40:103][711]LogModuleManager: Shutting down and abandoning module LinuxTargetPlatform (123)
[2018.11.30-21.58.40:103][711]LogModuleManager: Shutting down and abandoning module LinuxServerTargetPlatform (121)
[2018.11.30-21.58.40:103][711]LogModuleManager: Shutting down and abandoning module LinuxNoEditorTargetPlatform (119)
[2018.11.30-21.58.40:103][711]LogModuleManager: Shutting down and abandoning module LinuxClientTargetPlatform (117)
[2018.11.30-21.58.40:103][711]LogModuleManager: Shutting down and abandoning module TVOSTargetPlatform (115)
[2018.11.30-21.58.40:104][711]LogModuleManager: Shutting down and abandoning module Messaging (113)
[2018.11.30-21.58.40:104][711]LogModuleManager: Shutting down and abandoning module IOSTargetPlatform (111)
[2018.11.30-21.58.40:105][711]LogModuleManager: Shutting down and abandoning module HTML5TargetPlatform (109)
[2018.11.30-21.58.40:105][711]LogModuleManager: Shutting down and abandoning module AndroidTargetPlatform (107)
[2018.11.30-21.58.40:110][711]LogModuleManager: Shutting down and abandoning module WindowsTargetPlatform (105)
[2018.11.30-21.58.40:110][711]LogModuleManager: Shutting down and abandoning module WindowsServerTargetPlatform (103)
[2018.11.30-21.58.40:110][711]LogModuleManager: Shutting down and abandoning module WindowsNoEditorTargetPlatform (101)
[2018.11.30-21.58.40:110][711]LogModuleManager: Shutting down and abandoning module WindowsClientTargetPlatform (99)
[2018.11.30-21.58.40:110][711]LogModuleManager: Shutting down and abandoning module MacTargetPlatform (97)
[2018.11.30-21.58.40:110][711]LogModuleManager: Shutting down and abandoning module MacServerTargetPlatform (95)
[2018.11.30-21.58.40:110][711]LogModuleManager: Shutting down and abandoning module MacNoEditorTargetPlatform (93)
[2018.11.30-21.58.40:110][711]LogModuleManager: Shutting down and abandoning module MacClientTargetPlatform (91)
[2018.11.30-21.58.40:110][711]LogModuleManager: Shutting down and abandoning module AllDesktopTargetPlatform (89)
[2018.11.30-21.58.40:110][711]LogModuleManager: Shutting down and abandoning module InputCore (86)
[2018.11.30-21.58.40:110][711]LogModuleManager: Shutting down and abandoning module Settings (84)
[2018.11.30-21.58.40:110][711]LogModuleManager: Shutting down and abandoning module PhysXCooking (82)
[2018.11.30-21.58.40:110][711]LogModuleManager: Shutting down and abandoning module SteamVR (80)
[2018.11.30-21.58.40:110][711]LogHMD: Freeing OpenVRDLLHandle.
[2018.11.30-21.58.40:110][711]LogModuleManager: Shutting down and abandoning module OculusHMD (78)
[2018.11.30-21.58.40:110][711]LogModuleManager: Shutting down and abandoning module ExampleDeviceProfileSelector (76)
[2018.11.30-21.58.40:110][711]LogModuleManager: Shutting down and abandoning module LauncherChunkInstaller (74)
[2018.11.30-21.58.40:110][711]LogModuleManager: Shutting down and abandoning module OnlineBlueprintSupport (72)
[2018.11.30-21.58.40:110][711]LogModuleManager: Shutting down and abandoning module OnlineSubsystem (68)
[2018.11.30-21.58.40:129][711]LogModuleManager: Shutting down and abandoning module XMPP (63)
[2018.11.30-21.58.40:134][711]LogModuleManager: Shutting down and abandoning module WebSockets (62)
[2018.11.30-21.58.40:139][711]LogModuleManager: Shutting down and abandoning module HTTP (59)
[2018.11.30-21.58.40:139][711]LogHttp: Display: Http module shutting down, but needs to wait on 1 outstanding Http requests:
[2018.11.30-21.58.40:139][711]LogHttp: Display: 	verb=[POST] url=[https://datarouter.ol.epicgames.com/datarouter/api/v1/public/data?SessionID=%7B3E602519-4314-ABDA-6AA8-DD9EAC70164D%7D&AppID=UEEditor.Rocket.Release&AppVersion=4.21.0-4541578%2B%2B%2BUE4%2BRelease-4.21&UserID=aacf7b794c470812dbfd9fa99d97110d%7C44b88e67d8514d62810b806db9bfb356%7C903d5562-5a5b-46ed-a1e0-a6e72ec5bcca&AppEnvironment=datacollector-binary&UploadType=eteventstream] status=Processing
[2018.11.30-21.58.40:139][711]LogHttp: Warning: 00000228283DAAC0: request failed, libcurl error: 6 (Couldn't resolve host name)
[2018.11.30-21.58.40:139][711]LogHttp: Warning: 00000228283DAAC0: libcurl info message cache 0 (Could not resolve host: datarouter.ol.epicgames.com)
[2018.11.30-21.58.40:139][711]LogHttp: Warning: 00000228283DAAC0: libcurl info message cache 1 (Closing connection 0)
[2018.11.30-21.58.40:171][711]LogModuleManager: Shutting down and abandoning module SSL (58)
[2018.11.30-21.58.40:172][711]LogModuleManager: Shutting down and abandoning module MagicLeapIdentity (54)
[2018.11.30-21.58.40:172][711]LogModuleManager: Shutting down and abandoning module MagicLeapHelperVulkan (52)
[2018.11.30-21.58.40:172][711]LogModuleManager: Shutting down and abandoning module MagicLeapHelperOpenGL (50)
[2018.11.30-21.58.40:172][711]LogModuleManager: Shutting down and abandoning module MagicLeapSecureStorage (48)
[2018.11.30-21.58.40:172][711]LogModuleManager: Shutting down and abandoning module MagicLeapHandTracking (46)
[2018.11.30-21.58.40:172][711]LogModuleManager: Shutting down and abandoning module MagicLeapEyeTracker (44)
[2018.11.30-21.58.40:172][711]LogModuleManager: Shutting down and abandoning module MagicLeapController (42)
[2018.11.30-21.58.40:172][711]LogSlate: Slate User Destroyed.  User Index 0, Is Virtual User: 0
[2018.11.30-21.58.40:172][711]LogModuleManager: Shutting down and abandoning module MagicLeap (40)
[2018.11.30-21.58.40:172][711]LogModuleManager: Shutting down and abandoning module DatasmithContent (38)
[2018.11.30-21.58.40:173][711]LogModuleManager: Shutting down and abandoning module AnimationModifiers (36)
[2018.11.30-21.58.40:179][711]LogModuleManager: Shutting down and abandoning module PropertyEditor (35)
[2018.11.30-21.58.40:184][711]LogModuleManager: Shutting down and abandoning module AudioEditor (32)
[2018.11.30-21.58.40:195][711]LogModuleManager: Shutting down and abandoning module TextureCompressor (30)
[2018.11.30-21.58.40:199][711]LogModuleManager: Shutting down and abandoning module ShaderCore (28)
[2018.11.30-21.58.40:199][711]LogModuleManager: Shutting down and abandoning module Landscape (26)
[2018.11.30-21.58.40:199][711]LogModuleManager: Shutting down and abandoning module SlateRHIRenderer (24)
[2018.11.30-21.58.40:200][711]LogModuleManager: Shutting down and abandoning module OpenGLDrv (22)
[2018.11.30-21.58.40:210][711]LogModuleManager: Shutting down and abandoning module D3D11RHI (20)
[2018.11.30-21.58.40:210][711]LogModuleManager: Shutting down and abandoning module AnimGraphRuntime (18)
[2018.11.30-21.58.40:210][711]LogModuleManager: Shutting down and abandoning module Renderer (16)
[2018.11.30-21.58.40:210][711]LogModuleManager: Shutting down and abandoning module Engine (14)
[2018.11.30-21.58.40:210][711]LogModuleManager: Shutting down and abandoning module CoreUObject (12)
[2018.11.30-21.58.40:210][711]LogModuleManager: Shutting down and abandoning module NetworkFile (10)
[2018.11.30-21.58.40:210][711]LogModuleManager: Shutting down and abandoning module CookedIterativeFile (8)
[2018.11.30-21.58.40:210][711]LogModuleManager: Shutting down and abandoning module StreamingFile (6)
[2018.11.30-21.58.40:210][711]LogModuleManager: Shutting down and abandoning module SandboxFile (4)
[2018.11.30-21.58.40:210][711]LogModuleManager: Shutting down and abandoning module PakFile (2)
[2018.11.30-21.58.40:229][711]LogExit: Exiting.
[2018.11.30-21.58.40:233][711]Log file closed, 11/30/18 16:58:40
